{"D:\\AISU项目\\packages\\game-core\\src\\assets.ts": {"path":"D:\\AISU项目\\packages\\game-core\\src\\assets.ts","all":false,"statementMap":{"3":{"start":{"line":4,"column":0},"end":{"line":4,"column":79}},"4":{"start":{"line":5,"column":0},"end":{"line":5,"column":53}},"5":{"start":{"line":6,"column":0},"end":{"line":6,"column":1}},"7":{"start":{"line":8,"column":0},"end":{"line":8,"column":89}},"8":{"start":{"line":9,"column":0},"end":{"line":9,"column":52}},"9":{"start":{"line":10,"column":0},"end":{"line":10,"column":1}},"11":{"start":{"line":12,"column":0},"end":{"line":12,"column":102}},"12":{"start":{"line":13,"column":0},"end":{"line":13,"column":58}},"13":{"start":{"line":14,"column":0},"end":{"line":14,"column":1}},"15":{"start":{"line":16,"column":0},"end":{"line":16,"column":61}},"16":{"start":{"line":17,"column":0},"end":{"line":17,"column":168}},"17":{"start":{"line":18,"column":0},"end":{"line":18,"column":58}},"18":{"start":{"line":19,"column":0},"end":{"line":19,"column":85}},"19":{"start":{"line":20,"column":0},"end":{"line":20,"column":174}},"20":{"start":{"line":21,"column":0},"end":{"line":21,"column":77}},"21":{"start":{"line":22,"column":0},"end":{"line":22,"column":2}},"23":{"start":{"line":24,"column":0},"end":{"line":24,"column":87}},"24":{"start":{"line":25,"column":0},"end":{"line":25,"column":51}},"25":{"start":{"line":26,"column":0},"end":{"line":26,"column":60}},"26":{"start":{"line":27,"column":0},"end":{"line":27,"column":1}}},"s":{"3":1,"4":0,"5":0,"7":1,"8":0,"9":0,"11":1,"12":0,"13":0,"15":1,"16":1,"17":1,"18":1,"19":1,"20":1,"21":1,"23":1,"24":0,"25":0,"26":0},"branchMap":{},"b":{},"fnMap":{"0":{"name":"assetsByType","decl":{"start":{"line":4,"column":7},"end":{"line":6,"column":1}},"loc":{"start":{"line":4,"column":7},"end":{"line":6,"column":1}},"line":4},"1":{"name":"findAsset","decl":{"start":{"line":8,"column":7},"end":{"line":10,"column":1}},"loc":{"start":{"line":8,"column":7},"end":{"line":10,"column":1}},"line":8},"2":{"name":"assetHistory","decl":{"start":{"line":12,"column":7},"end":{"line":14,"column":1}},"loc":{"start":{"line":12,"column":7},"end":{"line":14,"column":1}},"line":12},"3":{"name":"assetsByCategory","decl":{"start":{"line":24,"column":7},"end":{"line":27,"column":1}},"loc":{"start":{"line":24,"column":7},"end":{"line":27,"column":1}},"line":24}},"f":{"0":0,"1":0,"2":0,"3":0}}
,"D:\\AISU项目\\packages\\game-core\\src\\conditions.ts": {"path":"D:\\AISU项目\\packages\\game-core\\src\\conditions.ts","all":false,"statementMap":{"0":{"start":{"line":1,"column":0},"end":{"line":1,"column":69}},"5":{"start":{"line":6,"column":0},"end":{"line":6,"column":56}},"6":{"start":{"line":7,"column":0},"end":{"line":7,"column":15}},"7":{"start":{"line":8,"column":0},"end":{"line":8,"column":15}},"8":{"start":{"line":9,"column":0},"end":{"line":9,"column":20}},"9":{"start":{"line":10,"column":0},"end":{"line":10,"column":14}},"10":{"start":{"line":11,"column":0},"end":{"line":11,"column":19}},"11":{"start":{"line":12,"column":0},"end":{"line":12,"column":15}},"12":{"start":{"line":13,"column":0},"end":{"line":13,"column":20}},"13":{"start":{"line":14,"column":0},"end":{"line":14,"column":14}},"14":{"start":{"line":15,"column":0},"end":{"line":15,"column":19}},"15":{"start":{"line":16,"column":0},"end":{"line":16,"column":14}},"16":{"start":{"line":17,"column":0},"end":{"line":17,"column":21}},"17":{"start":{"line":18,"column":0},"end":{"line":18,"column":15}},"18":{"start":{"line":19,"column":0},"end":{"line":19,"column":21}},"19":{"start":{"line":20,"column":0},"end":{"line":20,"column":3}},"20":{"start":{"line":21,"column":0},"end":{"line":21,"column":1}},"26":{"start":{"line":27,"column":0},"end":{"line":27,"column":34}},"27":{"start":{"line":28,"column":0},"end":{"line":28,"column":19}},"28":{"start":{"line":29,"column":0},"end":{"line":29,"column":37}},"29":{"start":{"line":30,"column":0},"end":{"line":30,"column":22}},"30":{"start":{"line":31,"column":0},"end":{"line":31,"column":12}},"31":{"start":{"line":32,"column":0},"end":{"line":32,"column":25}},"32":{"start":{"line":33,"column":0},"end":{"line":33,"column":22}},"33":{"start":{"line":34,"column":0},"end":{"line":34,"column":18}},"34":{"start":{"line":35,"column":0},"end":{"line":35,"column":32}},"35":{"start":{"line":36,"column":0},"end":{"line":36,"column":17}},"36":{"start":{"line":37,"column":0},"end":{"line":37,"column":60}},"37":{"start":{"line":38,"column":0},"end":{"line":38,"column":18}},"38":{"start":{"line":39,"column":0},"end":{"line":39,"column":38}},"39":{"start":{"line":40,"column":0},"end":{"line":40,"column":62}},"40":{"start":{"line":41,"column":0},"end":{"line":41,"column":40}},"41":{"start":{"line":42,"column":0},"end":{"line":42,"column":5}},"42":{"start":{"line":43,"column":0},"end":{"line":43,"column":23}},"43":{"start":{"line":44,"column":0},"end":{"line":44,"column":38}},"44":{"start":{"line":45,"column":0},"end":{"line":45,"column":40}},"45":{"start":{"line":46,"column":0},"end":{"line":46,"column":74}},"46":{"start":{"line":47,"column":0},"end":{"line":47,"column":49}},"47":{"start":{"line":48,"column":0},"end":{"line":48,"column":7}},"48":{"start":{"line":49,"column":0},"end":{"line":49,"column":80}},"49":{"start":{"line":50,"column":0},"end":{"line":50,"column":5}},"50":{"start":{"line":51,"column":0},"end":{"line":51,"column":23}},"51":{"start":{"line":52,"column":0},"end":{"line":52,"column":76}},"52":{"start":{"line":53,"column":0},"end":{"line":53,"column":43}},"53":{"start":{"line":54,"column":0},"end":{"line":54,"column":5}},"54":{"start":{"line":55,"column":0},"end":{"line":55,"column":23}},"55":{"start":{"line":56,"column":0},"end":{"line":56,"column":61}},"56":{"start":{"line":57,"column":0},"end":{"line":57,"column":17}},"57":{"start":{"line":58,"column":0},"end":{"line":58,"column":59}},"58":{"start":{"line":59,"column":0},"end":{"line":59,"column":24}},"59":{"start":{"line":60,"column":0},"end":{"line":60,"column":83}},"60":{"start":{"line":61,"column":0},"end":{"line":61,"column":21}},"61":{"start":{"line":62,"column":0},"end":{"line":62,"column":47}},"62":{"start":{"line":63,"column":0},"end":{"line":63,"column":15}},"63":{"start":{"line":64,"column":0},"end":{"line":64,"column":78}},"64":{"start":{"line":65,"column":0},"end":{"line":65,"column":14}},"65":{"start":{"line":66,"column":0},"end":{"line":66,"column":77}},"66":{"start":{"line":67,"column":0},"end":{"line":67,"column":15}},"67":{"start":{"line":68,"column":0},"end":{"line":68,"column":62}},"68":{"start":{"line":69,"column":0},"end":{"line":69,"column":3}},"69":{"start":{"line":70,"column":0},"end":{"line":70,"column":1}}},"s":{"0":1,"5":10,"6":10,"7":10,"8":8,"9":10,"10":0,"11":10,"12":0,"13":10,"14":2,"15":10,"16":0,"17":10,"18":0,"19":10,"20":10,"26":1,"27":39,"28":39,"29":39,"30":39,"31":39,"32":38,"33":39,"34":7,"35":39,"36":8,"37":39,"38":12,"39":12,"40":12,"41":12,"42":39,"43":1,"44":1,"45":1,"46":1,"47":1,"48":1,"49":1,"50":39,"51":2,"52":2,"53":2,"54":39,"55":1,"56":39,"57":2,"58":39,"59":1,"60":39,"61":1,"62":39,"63":1,"64":39,"65":1,"66":39,"67":1,"68":39,"69":39},"branchMap":{"0":{"type":"branch","line":6,"loc":{"start":{"line":6,"column":0},"end":{"line":21,"column":1}},"locations":[{"start":{"line":6,"column":0},"end":{"line":21,"column":1}}]},"1":{"type":"branch","line":8,"loc":{"start":{"line":8,"column":4},"end":{"line":9,"column":20}},"locations":[{"start":{"line":8,"column":4},"end":{"line":9,"column":20}}]},"2":{"type":"branch","line":10,"loc":{"start":{"line":10,"column":4},"end":{"line":11,"column":19}},"locations":[{"start":{"line":10,"column":4},"end":{"line":11,"column":19}}]},"3":{"type":"branch","line":12,"loc":{"start":{"line":12,"column":4},"end":{"line":13,"column":20}},"locations":[{"start":{"line":12,"column":4},"end":{"line":13,"column":20}}]},"4":{"type":"branch","line":14,"loc":{"start":{"line":14,"column":4},"end":{"line":15,"column":19}},"locations":[{"start":{"line":14,"column":4},"end":{"line":15,"column":19}}]},"5":{"type":"branch","line":16,"loc":{"start":{"line":16,"column":4},"end":{"line":17,"column":21}},"locations":[{"start":{"line":16,"column":4},"end":{"line":17,"column":21}}]},"6":{"type":"branch","line":18,"loc":{"start":{"line":18,"column":4},"end":{"line":19,"column":21}},"locations":[{"start":{"line":18,"column":4},"end":{"line":19,"column":21}}]},"7":{"type":"branch","line":27,"loc":{"start":{"line":27,"column":7},"end":{"line":70,"column":1}},"locations":[{"start":{"line":27,"column":7},"end":{"line":70,"column":1}}]},"8":{"type":"branch","line":32,"loc":{"start":{"line":32,"column":13},"end":{"line":32,"column":25}},"locations":[{"start":{"line":32,"column":13},"end":{"line":32,"column":25}}]},"9":{"type":"branch","line":32,"loc":{"start":{"line":32,"column":20},"end":{"line":33,"column":22}},"locations":[{"start":{"line":32,"column":20},"end":{"line":33,"column":22}}]},"10":{"type":"branch","line":34,"loc":{"start":{"line":34,"column":4},"end":{"line":35,"column":32}},"locations":[{"start":{"line":34,"column":4},"end":{"line":35,"column":32}}]},"11":{"type":"branch","line":36,"loc":{"start":{"line":36,"column":4},"end":{"line":37,"column":60}},"locations":[{"start":{"line":36,"column":4},"end":{"line":37,"column":60}}]},"12":{"type":"branch","line":38,"loc":{"start":{"line":38,"column":4},"end":{"line":42,"column":5}},"locations":[{"start":{"line":38,"column":4},"end":{"line":42,"column":5}}]},"13":{"type":"branch","line":40,"loc":{"start":{"line":40,"column":39},"end":{"line":40,"column":62}},"locations":[{"start":{"line":40,"column":39},"end":{"line":40,"column":62}}]},"14":{"type":"branch","line":40,"loc":{"start":{"line":40,"column":52},"end":{"line":41,"column":26}},"locations":[{"start":{"line":40,"column":52},"end":{"line":41,"column":26}}]},"15":{"type":"branch","line":43,"loc":{"start":{"line":43,"column":4},"end":{"line":50,"column":5}},"locations":[{"start":{"line":43,"column":4},"end":{"line":50,"column":5}}]},"16":{"type":"branch","line":45,"loc":{"start":{"line":45,"column":27},"end":{"line":45,"column":40}},"locations":[{"start":{"line":45,"column":27},"end":{"line":45,"column":40}}]},"17":{"type":"branch","line":48,"loc":{"start":{"line":48,"column":6},"end":{"line":49,"column":57}},"locations":[{"start":{"line":48,"column":6},"end":{"line":49,"column":57}}]},"18":{"type":"branch","line":49,"loc":{"start":{"line":49,"column":49},"end":{"line":49,"column":80}},"locations":[{"start":{"line":49,"column":49},"end":{"line":49,"column":80}}]},"19":{"type":"branch","line":51,"loc":{"start":{"line":51,"column":4},"end":{"line":54,"column":5}},"locations":[{"start":{"line":51,"column":4},"end":{"line":54,"column":5}}]},"20":{"type":"branch","line":53,"loc":{"start":{"line":53,"column":28},"end":{"line":53,"column":43}},"locations":[{"start":{"line":53,"column":28},"end":{"line":53,"column":43}}]},"21":{"type":"branch","line":55,"loc":{"start":{"line":55,"column":4},"end":{"line":56,"column":61}},"locations":[{"start":{"line":55,"column":4},"end":{"line":56,"column":61}}]},"22":{"type":"branch","line":57,"loc":{"start":{"line":57,"column":4},"end":{"line":58,"column":59}},"locations":[{"start":{"line":57,"column":4},"end":{"line":58,"column":59}}]},"23":{"type":"branch","line":58,"loc":{"start":{"line":58,"column":34},"end":{"line":58,"column":45}},"locations":[{"start":{"line":58,"column":34},"end":{"line":58,"column":45}}]},"24":{"type":"branch","line":59,"loc":{"start":{"line":59,"column":4},"end":{"line":60,"column":83}},"locations":[{"start":{"line":59,"column":4},"end":{"line":60,"column":83}}]},"25":{"type":"branch","line":60,"loc":{"start":{"line":60,"column":53},"end":{"line":60,"column":62}},"locations":[{"start":{"line":60,"column":53},"end":{"line":60,"column":62}}]},"26":{"type":"branch","line":61,"loc":{"start":{"line":61,"column":4},"end":{"line":62,"column":47}},"locations":[{"start":{"line":61,"column":4},"end":{"line":62,"column":47}}]},"27":{"type":"branch","line":63,"loc":{"start":{"line":63,"column":4},"end":{"line":64,"column":78}},"locations":[{"start":{"line":63,"column":4},"end":{"line":64,"column":78}}]},"28":{"type":"branch","line":65,"loc":{"start":{"line":65,"column":4},"end":{"line":66,"column":77}},"locations":[{"start":{"line":65,"column":4},"end":{"line":66,"column":77}}]},"29":{"type":"branch","line":67,"loc":{"start":{"line":67,"column":4},"end":{"line":68,"column":62}},"locations":[{"start":{"line":67,"column":4},"end":{"line":68,"column":62}}]},"30":{"type":"branch","line":52,"loc":{"start":{"line":52,"column":40},"end":{"line":52,"column":67}},"locations":[{"start":{"line":52,"column":40},"end":{"line":52,"column":67}}]},"31":{"type":"branch","line":56,"loc":{"start":{"line":56,"column":31},"end":{"line":56,"column":59}},"locations":[{"start":{"line":56,"column":31},"end":{"line":56,"column":59}}]},"32":{"type":"branch","line":64,"loc":{"start":{"line":64,"column":35},"end":{"line":64,"column":76}},"locations":[{"start":{"line":64,"column":35},"end":{"line":64,"column":76}}]},"33":{"type":"branch","line":66,"loc":{"start":{"line":66,"column":34},"end":{"line":66,"column":75}},"locations":[{"start":{"line":66,"column":34},"end":{"line":66,"column":75}}]}},"b":{"0":[10],"1":[8],"2":[0],"3":[0],"4":[2],"5":[0],"6":[0],"7":[39],"8":[1],"9":[38],"10":[7],"11":[8],"12":[12],"13":[10],"14":[2],"15":[1],"16":[0],"17":[0],"18":[0],"19":[2],"20":[1],"21":[1],"22":[2],"23":[0],"24":[1],"25":[0],"26":[1],"27":[1],"28":[1],"29":[1],"30":[2],"31":[1],"32":[2],"33":[2]},"fnMap":{"0":{"name":"cmp","decl":{"start":{"line":6,"column":0},"end":{"line":21,"column":1}},"loc":{"start":{"line":6,"column":0},"end":{"line":21,"column":1}},"line":6},"1":{"name":"evaluateCondition","decl":{"start":{"line":27,"column":7},"end":{"line":70,"column":1}},"loc":{"start":{"line":27,"column":7},"end":{"line":70,"column":1}},"line":27}},"f":{"0":10,"1":39}}
,"D:\\AISU项目\\packages\\game-core\\src\\effects.ts": {"path":"D:\\AISU项目\\packages\\game-core\\src\\effects.ts","all":false,"statementMap":{"0":{"start":{"line":1,"column":0},"end":{"line":1,"column":66}},"6":{"start":{"line":7,"column":0},"end":{"line":7,"column":21}},"7":{"start":{"line":8,"column":0},"end":{"line":8,"column":23}},"8":{"start":{"line":9,"column":0},"end":{"line":9,"column":17}},"9":{"start":{"line":10,"column":0},"end":{"line":10,"column":17}},"10":{"start":{"line":11,"column":0},"end":{"line":11,"column":14}},"11":{"start":{"line":12,"column":0},"end":{"line":12,"column":22}},"12":{"start":{"line":13,"column":0},"end":{"line":13,"column":18}},"13":{"start":{"line":14,"column":0},"end":{"line":14,"column":17}},"14":{"start":{"line":15,"column":0},"end":{"line":15,"column":18}},"15":{"start":{"line":16,"column":0},"end":{"line":16,"column":18}},"16":{"start":{"line":17,"column":0},"end":{"line":17,"column":16}},"17":{"start":{"line":18,"column":0},"end":{"line":18,"column":14}},"18":{"start":{"line":19,"column":0},"end":{"line":19,"column":16}},"19":{"start":{"line":20,"column":0},"end":{"line":20,"column":2}},"28":{"start":{"line":29,"column":0},"end":{"line":29,"column":81}},"29":{"start":{"line":30,"column":0},"end":{"line":30,"column":17}},"30":{"start":{"line":31,"column":0},"end":{"line":31,"column":34}},"31":{"start":{"line":32,"column":0},"end":{"line":32,"column":4}},"32":{"start":{"line":33,"column":0},"end":{"line":33,"column":1}},"34":{"start":{"line":35,"column":0},"end":{"line":35,"column":55}},"35":{"start":{"line":36,"column":0},"end":{"line":36,"column":56}},"36":{"start":{"line":37,"column":0},"end":{"line":37,"column":45}},"37":{"start":{"line":38,"column":0},"end":{"line":38,"column":3}},"38":{"start":{"line":39,"column":0},"end":{"line":39,"column":1}},"45":{"start":{"line":46,"column":0},"end":{"line":46,"column":29}},"46":{"start":{"line":47,"column":0},"end":{"line":47,"column":19}},"47":{"start":{"line":48,"column":0},"end":{"line":48,"column":32}},"48":{"start":{"line":49,"column":0},"end":{"line":49,"column":22}},"49":{"start":{"line":50,"column":0},"end":{"line":50,"column":21}},"50":{"start":{"line":51,"column":0},"end":{"line":51,"column":18}},"51":{"start":{"line":52,"column":0},"end":{"line":52,"column":92}},"52":{"start":{"line":53,"column":0},"end":{"line":53,"column":31}},"53":{"start":{"line":54,"column":0},"end":{"line":54,"column":33}},"54":{"start":{"line":55,"column":0},"end":{"line":55,"column":26}},"55":{"start":{"line":56,"column":0},"end":{"line":56,"column":17}},"56":{"start":{"line":57,"column":0},"end":{"line":57,"column":46}},"57":{"start":{"line":58,"column":0},"end":{"line":58,"column":45}},"58":{"start":{"line":59,"column":0},"end":{"line":59,"column":14}},"59":{"start":{"line":60,"column":0},"end":{"line":60,"column":17}},"60":{"start":{"line":61,"column":0},"end":{"line":61,"column":59}},"61":{"start":{"line":62,"column":0},"end":{"line":62,"column":39}},"62":{"start":{"line":63,"column":0},"end":{"line":63,"column":45}},"63":{"start":{"line":64,"column":0},"end":{"line":64,"column":14}},"64":{"start":{"line":65,"column":0},"end":{"line":65,"column":22}},"65":{"start":{"line":66,"column":0},"end":{"line":66,"column":59}},"66":{"start":{"line":67,"column":0},"end":{"line":67,"column":39}},"67":{"start":{"line":68,"column":0},"end":{"line":68,"column":45}},"68":{"start":{"line":69,"column":0},"end":{"line":69,"column":14}},"69":{"start":{"line":70,"column":0},"end":{"line":70,"column":19}},"70":{"start":{"line":71,"column":0},"end":{"line":71,"column":87}},"71":{"start":{"line":72,"column":0},"end":{"line":72,"column":14}},"72":{"start":{"line":73,"column":0},"end":{"line":73,"column":23}},"73":{"start":{"line":74,"column":0},"end":{"line":74,"column":49}},"74":{"start":{"line":75,"column":0},"end":{"line":75,"column":60}},"75":{"start":{"line":76,"column":0},"end":{"line":76,"column":35}},"76":{"start":{"line":77,"column":0},"end":{"line":77,"column":109}},"77":{"start":{"line":78,"column":0},"end":{"line":78,"column":38}},"78":{"start":{"line":79,"column":0},"end":{"line":79,"column":28}},"79":{"start":{"line":80,"column":0},"end":{"line":80,"column":44}},"80":{"start":{"line":81,"column":0},"end":{"line":81,"column":10}},"81":{"start":{"line":82,"column":0},"end":{"line":82,"column":14}},"82":{"start":{"line":83,"column":0},"end":{"line":83,"column":7}},"83":{"start":{"line":84,"column":0},"end":{"line":84,"column":25}},"84":{"start":{"line":85,"column":0},"end":{"line":85,"column":49}},"85":{"start":{"line":86,"column":0},"end":{"line":86,"column":57}},"86":{"start":{"line":87,"column":0},"end":{"line":87,"column":39}},"87":{"start":{"line":88,"column":0},"end":{"line":88,"column":14}},"88":{"start":{"line":89,"column":0},"end":{"line":89,"column":7}},"89":{"start":{"line":90,"column":0},"end":{"line":90,"column":24}},"90":{"start":{"line":91,"column":0},"end":{"line":91,"column":68}},"91":{"start":{"line":92,"column":0},"end":{"line":92,"column":38}},"92":{"start":{"line":93,"column":0},"end":{"line":93,"column":45}},"93":{"start":{"line":94,"column":0},"end":{"line":94,"column":33}},"94":{"start":{"line":95,"column":0},"end":{"line":95,"column":28}},"95":{"start":{"line":96,"column":0},"end":{"line":96,"column":48}},"96":{"start":{"line":97,"column":0},"end":{"line":97,"column":40}},"97":{"start":{"line":98,"column":0},"end":{"line":98,"column":21}},"98":{"start":{"line":99,"column":0},"end":{"line":99,"column":35}},"99":{"start":{"line":100,"column":0},"end":{"line":100,"column":77}},"100":{"start":{"line":101,"column":0},"end":{"line":101,"column":28}},"101":{"start":{"line":102,"column":0},"end":{"line":102,"column":55}},"102":{"start":{"line":103,"column":0},"end":{"line":103,"column":10}},"103":{"start":{"line":104,"column":0},"end":{"line":104,"column":33}},"104":{"start":{"line":105,"column":0},"end":{"line":105,"column":14}},"105":{"start":{"line":106,"column":0},"end":{"line":106,"column":7}},"106":{"start":{"line":107,"column":0},"end":{"line":107,"column":27}},"107":{"start":{"line":108,"column":0},"end":{"line":108,"column":73}},"108":{"start":{"line":109,"column":0},"end":{"line":109,"column":46}},"109":{"start":{"line":110,"column":0},"end":{"line":110,"column":14}},"110":{"start":{"line":111,"column":0},"end":{"line":111,"column":7}},"111":{"start":{"line":112,"column":0},"end":{"line":112,"column":27}},"112":{"start":{"line":113,"column":0},"end":{"line":113,"column":72}},"113":{"start":{"line":114,"column":0},"end":{"line":114,"column":20}},"114":{"start":{"line":115,"column":0},"end":{"line":115,"column":75}},"115":{"start":{"line":116,"column":0},"end":{"line":116,"column":87}},"116":{"start":{"line":117,"column":0},"end":{"line":117,"column":35}},"117":{"start":{"line":118,"column":0},"end":{"line":118,"column":31}},"118":{"start":{"line":119,"column":0},"end":{"line":119,"column":85}},"119":{"start":{"line":120,"column":0},"end":{"line":120,"column":11}},"120":{"start":{"line":121,"column":0},"end":{"line":121,"column":9}},"121":{"start":{"line":122,"column":0},"end":{"line":122,"column":14}},"122":{"start":{"line":123,"column":0},"end":{"line":123,"column":7}},"123":{"start":{"line":124,"column":0},"end":{"line":124,"column":27}},"124":{"start":{"line":125,"column":0},"end":{"line":125,"column":41}},"125":{"start":{"line":126,"column":0},"end":{"line":126,"column":91}},"126":{"start":{"line":127,"column":0},"end":{"line":127,"column":14}},"127":{"start":{"line":128,"column":0},"end":{"line":128,"column":7}},"128":{"start":{"line":129,"column":0},"end":{"line":129,"column":29}},"129":{"start":{"line":130,"column":0},"end":{"line":130,"column":60}},"130":{"start":{"line":131,"column":0},"end":{"line":131,"column":51}},"131":{"start":{"line":132,"column":0},"end":{"line":132,"column":9}},"132":{"start":{"line":133,"column":0},"end":{"line":133,"column":14}},"133":{"start":{"line":134,"column":0},"end":{"line":134,"column":26}},"134":{"start":{"line":135,"column":0},"end":{"line":135,"column":56}},"135":{"start":{"line":136,"column":0},"end":{"line":136,"column":73}},"136":{"start":{"line":137,"column":0},"end":{"line":137,"column":12}},"137":{"start":{"line":138,"column":0},"end":{"line":138,"column":14}},"138":{"start":{"line":139,"column":0},"end":{"line":139,"column":10}},"139":{"start":{"line":140,"column":0},"end":{"line":140,"column":14}},"140":{"start":{"line":141,"column":0},"end":{"line":141,"column":25}},"141":{"start":{"line":142,"column":0},"end":{"line":142,"column":77}},"142":{"start":{"line":143,"column":0},"end":{"line":143,"column":114}},"143":{"start":{"line":144,"column":0},"end":{"line":144,"column":60}},"144":{"start":{"line":145,"column":0},"end":{"line":145,"column":9}},"145":{"start":{"line":146,"column":0},"end":{"line":146,"column":14}},"146":{"start":{"line":147,"column":0},"end":{"line":147,"column":29}},"147":{"start":{"line":148,"column":0},"end":{"line":148,"column":83}},"148":{"start":{"line":149,"column":0},"end":{"line":149,"column":33}},"149":{"start":{"line":150,"column":0},"end":{"line":150,"column":29}},"150":{"start":{"line":151,"column":0},"end":{"line":151,"column":60}},"151":{"start":{"line":152,"column":0},"end":{"line":152,"column":34}},"152":{"start":{"line":153,"column":0},"end":{"line":153,"column":23}},"153":{"start":{"line":154,"column":0},"end":{"line":154,"column":38}},"154":{"start":{"line":155,"column":0},"end":{"line":155,"column":34}},"155":{"start":{"line":156,"column":0},"end":{"line":156,"column":11}},"156":{"start":{"line":157,"column":0},"end":{"line":157,"column":49}},"157":{"start":{"line":158,"column":0},"end":{"line":158,"column":14}},"158":{"start":{"line":159,"column":0},"end":{"line":159,"column":7}},"159":{"start":{"line":160,"column":0},"end":{"line":160,"column":5}},"160":{"start":{"line":161,"column":0},"end":{"line":161,"column":3}},"161":{"start":{"line":162,"column":0},"end":{"line":162,"column":17}},"162":{"start":{"line":163,"column":0},"end":{"line":163,"column":1}}},"s":{"0":1,"6":1,"7":1,"8":1,"9":1,"10":1,"11":1,"12":1,"13":1,"14":1,"15":1,"16":1,"17":1,"18":1,"19":1,"28":5,"29":5,"30":5,"31":5,"32":5,"34":4,"35":4,"36":2,"37":2,"38":4,"45":1,"46":33,"47":33,"48":33,"49":33,"50":33,"51":33,"52":33,"53":33,"54":39,"55":39,"56":3,"57":3,"58":3,"59":39,"60":2,"61":2,"62":2,"63":2,"64":39,"65":2,"66":2,"67":2,"68":2,"69":39,"70":1,"71":1,"72":39,"73":8,"74":8,"75":7,"76":8,"77":8,"78":8,"79":8,"80":8,"81":8,"82":8,"83":39,"84":2,"85":2,"86":1,"87":1,"88":1,"89":39,"90":8,"91":7,"92":8,"93":8,"94":8,"95":8,"96":8,"97":8,"98":8,"99":8,"100":8,"101":8,"102":8,"103":8,"104":8,"105":8,"106":39,"107":1,"108":1,"109":1,"110":1,"111":39,"112":1,"113":1,"114":1,"115":1,"116":1,"117":1,"118":1,"119":1,"120":1,"121":1,"122":1,"123":39,"124":2,"125":2,"126":2,"127":2,"128":39,"129":2,"130":1,"131":1,"132":2,"133":39,"134":1,"135":1,"136":1,"137":1,"138":1,"139":1,"140":39,"141":2,"142":1,"143":1,"144":1,"145":2,"146":39,"147":4,"148":4,"149":4,"150":4,"151":4,"152":4,"153":4,"154":4,"155":4,"156":4,"157":4,"158":4,"159":39,"160":39,"161":33,"162":33},"branchMap":{"0":{"type":"branch","line":29,"loc":{"start":{"line":29,"column":0},"end":{"line":33,"column":1}},"locations":[{"start":{"line":29,"column":0},"end":{"line":33,"column":1}}]},"1":{"type":"branch","line":30,"loc":{"start":{"line":30,"column":9},"end":{"line":32,"column":4}},"locations":[{"start":{"line":30,"column":9},"end":{"line":32,"column":4}}]},"2":{"type":"branch","line":35,"loc":{"start":{"line":35,"column":0},"end":{"line":39,"column":1}},"locations":[{"start":{"line":35,"column":0},"end":{"line":39,"column":1}}]},"3":{"type":"branch","line":36,"loc":{"start":{"line":36,"column":30},"end":{"line":36,"column":55}},"locations":[{"start":{"line":36,"column":30},"end":{"line":36,"column":55}}]},"4":{"type":"branch","line":36,"loc":{"start":{"line":36,"column":55},"end":{"line":38,"column":3}},"locations":[{"start":{"line":36,"column":55},"end":{"line":38,"column":3}}]},"5":{"type":"branch","line":46,"loc":{"start":{"line":46,"column":7},"end":{"line":163,"column":1}},"locations":[{"start":{"line":46,"column":7},"end":{"line":163,"column":1}}]},"6":{"type":"branch","line":53,"loc":{"start":{"line":53,"column":16},"end":{"line":53,"column":31}},"locations":[{"start":{"line":53,"column":16},"end":{"line":53,"column":31}}]},"7":{"type":"branch","line":54,"loc":{"start":{"line":54,"column":32},"end":{"line":161,"column":3}},"locations":[{"start":{"line":54,"column":32},"end":{"line":161,"column":3}}]},"8":{"type":"branch","line":56,"loc":{"start":{"line":56,"column":6},"end":{"line":59,"column":14}},"locations":[{"start":{"line":56,"column":6},"end":{"line":59,"column":14}}]},"9":{"type":"branch","line":60,"loc":{"start":{"line":60,"column":6},"end":{"line":64,"column":14}},"locations":[{"start":{"line":60,"column":6},"end":{"line":64,"column":14}}]},"10":{"type":"branch","line":65,"loc":{"start":{"line":65,"column":6},"end":{"line":69,"column":14}},"locations":[{"start":{"line":65,"column":6},"end":{"line":69,"column":14}}]},"11":{"type":"branch","line":70,"loc":{"start":{"line":70,"column":6},"end":{"line":72,"column":14}},"locations":[{"start":{"line":70,"column":6},"end":{"line":72,"column":14}}]},"12":{"type":"branch","line":73,"loc":{"start":{"line":73,"column":6},"end":{"line":83,"column":7}},"locations":[{"start":{"line":73,"column":6},"end":{"line":83,"column":7}}]},"13":{"type":"branch","line":75,"loc":{"start":{"line":75,"column":12},"end":{"line":75,"column":28}},"locations":[{"start":{"line":75,"column":12},"end":{"line":75,"column":28}}]},"14":{"type":"branch","line":75,"loc":{"start":{"line":75,"column":28},"end":{"line":75,"column":60}},"locations":[{"start":{"line":75,"column":28},"end":{"line":75,"column":60}}]},"15":{"type":"branch","line":75,"loc":{"start":{"line":75,"column":28},"end":{"line":77,"column":51}},"locations":[{"start":{"line":75,"column":28},"end":{"line":77,"column":51}}]},"16":{"type":"branch","line":77,"loc":{"start":{"line":77,"column":40},"end":{"line":77,"column":59}},"locations":[{"start":{"line":77,"column":40},"end":{"line":77,"column":59}}]},"17":{"type":"branch","line":77,"loc":{"start":{"line":77,"column":51},"end":{"line":77,"column":109}},"locations":[{"start":{"line":77,"column":51},"end":{"line":77,"column":109}}]},"18":{"type":"branch","line":77,"loc":{"start":{"line":77,"column":83},"end":{"line":77,"column":102}},"locations":[{"start":{"line":77,"column":83},"end":{"line":77,"column":102}}]},"19":{"type":"branch","line":77,"loc":{"start":{"line":77,"column":94},"end":{"line":77,"column":109}},"locations":[{"start":{"line":77,"column":94},"end":{"line":77,"column":109}}]},"20":{"type":"branch","line":78,"loc":{"start":{"line":78,"column":24},"end":{"line":78,"column":38}},"locations":[{"start":{"line":78,"column":24},"end":{"line":78,"column":38}}]},"21":{"type":"branch","line":80,"loc":{"start":{"line":80,"column":24},"end":{"line":80,"column":44}},"locations":[{"start":{"line":80,"column":24},"end":{"line":80,"column":44}}]},"22":{"type":"branch","line":84,"loc":{"start":{"line":84,"column":6},"end":{"line":89,"column":7}},"locations":[{"start":{"line":84,"column":6},"end":{"line":89,"column":7}}]},"23":{"type":"branch","line":86,"loc":{"start":{"line":86,"column":28},"end":{"line":89,"column":7}},"locations":[{"start":{"line":86,"column":28},"end":{"line":89,"column":7}}]},"24":{"type":"branch","line":90,"loc":{"start":{"line":90,"column":6},"end":{"line":106,"column":7}},"locations":[{"start":{"line":90,"column":6},"end":{"line":106,"column":7}}]},"25":{"type":"branch","line":91,"loc":{"start":{"line":91,"column":62},"end":{"line":91,"column":68}},"locations":[{"start":{"line":91,"column":62},"end":{"line":91,"column":68}}]},"26":{"type":"branch","line":91,"loc":{"start":{"line":91,"column":62},"end":{"line":93,"column":32}},"locations":[{"start":{"line":91,"column":62},"end":{"line":93,"column":32}}]},"27":{"type":"branch","line":93,"loc":{"start":{"line":93,"column":21},"end":{"line":93,"column":45}},"locations":[{"start":{"line":93,"column":21},"end":{"line":93,"column":45}}]},"28":{"type":"branch","line":96,"loc":{"start":{"line":96,"column":30},"end":{"line":96,"column":48}},"locations":[{"start":{"line":96,"column":30},"end":{"line":96,"column":48}}]},"29":{"type":"branch","line":97,"loc":{"start":{"line":97,"column":26},"end":{"line":97,"column":40}},"locations":[{"start":{"line":97,"column":26},"end":{"line":97,"column":40}}]},"30":{"type":"branch","line":100,"loc":{"start":{"line":100,"column":28},"end":{"line":100,"column":67}},"locations":[{"start":{"line":100,"column":28},"end":{"line":100,"column":67}}]},"31":{"type":"branch","line":100,"loc":{"start":{"line":100,"column":47},"end":{"line":100,"column":77}},"locations":[{"start":{"line":100,"column":47},"end":{"line":100,"column":77}}]},"32":{"type":"branch","line":107,"loc":{"start":{"line":107,"column":6},"end":{"line":111,"column":7}},"locations":[{"start":{"line":107,"column":6},"end":{"line":111,"column":7}}]},"33":{"type":"branch","line":112,"loc":{"start":{"line":112,"column":6},"end":{"line":123,"column":7}},"locations":[{"start":{"line":112,"column":6},"end":{"line":123,"column":7}}]},"34":{"type":"branch","line":116,"loc":{"start":{"line":116,"column":48},"end":{"line":116,"column":87}},"locations":[{"start":{"line":116,"column":48},"end":{"line":116,"column":87}}]},"35":{"type":"branch","line":124,"loc":{"start":{"line":124,"column":6},"end":{"line":128,"column":7}},"locations":[{"start":{"line":124,"column":6},"end":{"line":128,"column":7}}]},"36":{"type":"branch","line":125,"loc":{"start":{"line":125,"column":30},"end":{"line":125,"column":41}},"locations":[{"start":{"line":125,"column":30},"end":{"line":125,"column":41}}]},"37":{"type":"branch","line":126,"loc":{"start":{"line":126,"column":75},"end":{"line":126,"column":83}},"locations":[{"start":{"line":126,"column":75},"end":{"line":126,"column":83}}]},"38":{"type":"branch","line":129,"loc":{"start":{"line":129,"column":6},"end":{"line":133,"column":14}},"locations":[{"start":{"line":129,"column":6},"end":{"line":133,"column":14}}]},"39":{"type":"branch","line":130,"loc":{"start":{"line":130,"column":59},"end":{"line":132,"column":9}},"locations":[{"start":{"line":130,"column":59},"end":{"line":132,"column":9}}]},"40":{"type":"branch","line":134,"loc":{"start":{"line":134,"column":6},"end":{"line":140,"column":14}},"locations":[{"start":{"line":134,"column":6},"end":{"line":140,"column":14}}]},"41":{"type":"branch","line":141,"loc":{"start":{"line":141,"column":6},"end":{"line":146,"column":14}},"locations":[{"start":{"line":141,"column":6},"end":{"line":146,"column":14}}]},"42":{"type":"branch","line":142,"loc":{"start":{"line":142,"column":76},"end":{"line":145,"column":9}},"locations":[{"start":{"line":142,"column":76},"end":{"line":145,"column":9}}]},"43":{"type":"branch","line":147,"loc":{"start":{"line":147,"column":6},"end":{"line":159,"column":7}},"locations":[{"start":{"line":147,"column":6},"end":{"line":159,"column":7}}]},"44":{"type":"branch","line":148,"loc":{"start":{"line":148,"column":36},"end":{"line":148,"column":83}},"locations":[{"start":{"line":148,"column":36},"end":{"line":148,"column":83}}]},"45":{"type":"branch","line":148,"loc":{"start":{"line":148,"column":66},"end":{"line":148,"column":83}},"locations":[{"start":{"line":148,"column":66},"end":{"line":148,"column":83}}]},"46":{"type":"branch","line":61,"loc":{"start":{"line":61,"column":27},"end":{"line":61,"column":50}},"locations":[{"start":{"line":61,"column":27},"end":{"line":61,"column":50}}]},"47":{"type":"branch","line":66,"loc":{"start":{"line":66,"column":27},"end":{"line":66,"column":50}},"locations":[{"start":{"line":66,"column":27},"end":{"line":66,"column":50}}]},"48":{"type":"branch","line":71,"loc":{"start":{"line":71,"column":27},"end":{"line":71,"column":78}},"locations":[{"start":{"line":71,"column":27},"end":{"line":71,"column":78}}]},"49":{"type":"branch","line":71,"loc":{"start":{"line":71,"column":67},"end":{"line":71,"column":77}},"locations":[{"start":{"line":71,"column":67},"end":{"line":71,"column":77}}]},"50":{"type":"branch","line":108,"loc":{"start":{"line":108,"column":41},"end":{"line":108,"column":71}},"locations":[{"start":{"line":108,"column":41},"end":{"line":108,"column":71}}]},"51":{"type":"branch","line":113,"loc":{"start":{"line":113,"column":40},"end":{"line":113,"column":70}},"locations":[{"start":{"line":113,"column":40},"end":{"line":113,"column":70}}]},"52":{"type":"branch","line":142,"loc":{"start":{"line":142,"column":37},"end":{"line":142,"column":73}},"locations":[{"start":{"line":142,"column":37},"end":{"line":142,"column":73}}]}},"b":{"0":[5],"1":[5],"2":[4],"3":[2],"4":[2],"5":[33],"6":[0],"7":[39],"8":[3],"9":[2],"10":[2],"11":[1],"12":[8],"13":[1],"14":[1],"15":[7],"16":[2],"17":[5],"18":[1],"19":[4],"20":[4],"21":[7],"22":[2],"23":[1],"24":[8],"25":[1],"26":[7],"27":[3],"28":[7],"29":[7],"30":[7],"31":[7],"32":[1],"33":[1],"34":[0],"35":[2],"36":[0],"37":[1],"38":[2],"39":[1],"40":[1],"41":[2],"42":[1],"43":[4],"44":[1],"45":[0],"46":[2],"47":[2],"48":[1],"49":[0],"50":[1],"51":[1],"52":[1]},"fnMap":{"0":{"name":"mutate","decl":{"start":{"line":29,"column":0},"end":{"line":33,"column":1}},"loc":{"start":{"line":29,"column":0},"end":{"line":33,"column":1}},"line":29},"1":{"name":"clampHidden","decl":{"start":{"line":35,"column":0},"end":{"line":39,"column":1}},"loc":{"start":{"line":35,"column":0},"end":{"line":39,"column":1}},"line":35},"2":{"name":"applyEffects","decl":{"start":{"line":46,"column":7},"end":{"line":163,"column":1}},"loc":{"start":{"line":46,"column":7},"end":{"line":163,"column":1}},"line":46}},"f":{"0":5,"1":4,"2":33}}
,"D:\\AISU项目\\packages\\game-core\\src\\ending-composer.ts": {"path":"D:\\AISU项目\\packages\\game-core\\src\\ending-composer.ts","all":false,"statementMap":{"0":{"start":{"line":1,"column":0},"end":{"line":1,"column":77}},"27":{"start":{"line":28,"column":0},"end":{"line":28,"column":30}},"28":{"start":{"line":29,"column":0},"end":{"line":29,"column":19}},"29":{"start":{"line":30,"column":0},"end":{"line":30,"column":17}},"30":{"start":{"line":31,"column":0},"end":{"line":31,"column":22}},"31":{"start":{"line":32,"column":0},"end":{"line":32,"column":37}},"32":{"start":{"line":33,"column":0},"end":{"line":33,"column":19}},"33":{"start":{"line":34,"column":0},"end":{"line":34,"column":39}},"34":{"start":{"line":35,"column":0},"end":{"line":35,"column":49}},"35":{"start":{"line":36,"column":0},"end":{"line":36,"column":39}},"36":{"start":{"line":37,"column":0},"end":{"line":37,"column":27}},"37":{"start":{"line":38,"column":0},"end":{"line":38,"column":43}},"38":{"start":{"line":39,"column":0},"end":{"line":39,"column":31}},"39":{"start":{"line":40,"column":0},"end":{"line":40,"column":47}},"40":{"start":{"line":41,"column":0},"end":{"line":41,"column":51}},"41":{"start":{"line":42,"column":0},"end":{"line":42,"column":37}},"42":{"start":{"line":43,"column":0},"end":{"line":43,"column":4}},"44":{"start":{"line":45,"column":0},"end":{"line":45,"column":77}},"47":{"start":{"line":48,"column":0},"end":{"line":48,"column":49}},"48":{"start":{"line":49,"column":0},"end":{"line":49,"column":55}},"49":{"start":{"line":50,"column":0},"end":{"line":50,"column":26}},"50":{"start":{"line":51,"column":0},"end":{"line":51,"column":33}},"52":{"start":{"line":53,"column":0},"end":{"line":53,"column":15}},"53":{"start":{"line":54,"column":0},"end":{"line":54,"column":25}},"54":{"start":{"line":55,"column":0},"end":{"line":55,"column":14}},"55":{"start":{"line":56,"column":0},"end":{"line":56,"column":57}},"56":{"start":{"line":57,"column":0},"end":{"line":57,"column":48}},"57":{"start":{"line":58,"column":0},"end":{"line":58,"column":46}},"58":{"start":{"line":59,"column":0},"end":{"line":59,"column":10}},"59":{"start":{"line":60,"column":0},"end":{"line":60,"column":69}},"60":{"start":{"line":61,"column":0},"end":{"line":61,"column":67}},"61":{"start":{"line":62,"column":0},"end":{"line":62,"column":83}},"62":{"start":{"line":63,"column":0},"end":{"line":63,"column":3}},"65":{"start":{"line":66,"column":0},"end":{"line":66,"column":53}},"66":{"start":{"line":67,"column":0},"end":{"line":67,"column":85}},"67":{"start":{"line":68,"column":0},"end":{"line":68,"column":62}},"68":{"start":{"line":69,"column":0},"end":{"line":69,"column":41}},"69":{"start":{"line":70,"column":0},"end":{"line":70,"column":48}},"70":{"start":{"line":71,"column":0},"end":{"line":71,"column":130}},"71":{"start":{"line":72,"column":0},"end":{"line":72,"column":19}},"72":{"start":{"line":73,"column":0},"end":{"line":73,"column":90}},"73":{"start":{"line":74,"column":0},"end":{"line":74,"column":36}},"74":{"start":{"line":75,"column":0},"end":{"line":75,"column":7}},"75":{"start":{"line":76,"column":0},"end":{"line":76,"column":3}},"78":{"start":{"line":79,"column":0},"end":{"line":79,"column":49}},"79":{"start":{"line":80,"column":0},"end":{"line":80,"column":58}},"80":{"start":{"line":81,"column":0},"end":{"line":81,"column":77}},"81":{"start":{"line":82,"column":0},"end":{"line":82,"column":12}},"82":{"start":{"line":83,"column":0},"end":{"line":83,"column":5}},"83":{"start":{"line":84,"column":0},"end":{"line":84,"column":3}},"86":{"start":{"line":87,"column":0},"end":{"line":87,"column":50}},"87":{"start":{"line":88,"column":0},"end":{"line":88,"column":47}},"88":{"start":{"line":89,"column":0},"end":{"line":89,"column":78}},"89":{"start":{"line":90,"column":0},"end":{"line":90,"column":5}},"90":{"start":{"line":91,"column":0},"end":{"line":91,"column":3}},"92":{"start":{"line":93,"column":0},"end":{"line":93,"column":60}},"93":{"start":{"line":94,"column":0},"end":{"line":94,"column":10}},"94":{"start":{"line":95,"column":0},"end":{"line":95,"column":24}},"95":{"start":{"line":96,"column":0},"end":{"line":96,"column":24}},"96":{"start":{"line":97,"column":0},"end":{"line":97,"column":34}},"97":{"start":{"line":98,"column":0},"end":{"line":98,"column":13}},"98":{"start":{"line":99,"column":0},"end":{"line":99,"column":53}},"99":{"start":{"line":100,"column":0},"end":{"line":100,"column":36}},"100":{"start":{"line":101,"column":0},"end":{"line":101,"column":16}},"101":{"start":{"line":102,"column":0},"end":{"line":102,"column":4}},"102":{"start":{"line":103,"column":0},"end":{"line":103,"column":1}},"104":{"start":{"line":105,"column":0},"end":{"line":105,"column":64}},"105":{"start":{"line":106,"column":0},"end":{"line":106,"column":22}},"106":{"start":{"line":107,"column":0},"end":{"line":107,"column":24}},"107":{"start":{"line":108,"column":0},"end":{"line":108,"column":28}},"108":{"start":{"line":109,"column":0},"end":{"line":109,"column":24}},"109":{"start":{"line":110,"column":0},"end":{"line":110,"column":28}},"110":{"start":{"line":111,"column":0},"end":{"line":111,"column":33}},"111":{"start":{"line":112,"column":0},"end":{"line":112,"column":25}},"112":{"start":{"line":113,"column":0},"end":{"line":113,"column":33}},"113":{"start":{"line":114,"column":0},"end":{"line":114,"column":34}},"114":{"start":{"line":115,"column":0},"end":{"line":115,"column":30}},"115":{"start":{"line":116,"column":0},"end":{"line":116,"column":34}},"116":{"start":{"line":117,"column":0},"end":{"line":117,"column":25}},"117":{"start":{"line":118,"column":0},"end":{"line":118,"column":29}},"118":{"start":{"line":119,"column":0},"end":{"line":119,"column":24}},"119":{"start":{"line":120,"column":0},"end":{"line":120,"column":28}},"120":{"start":{"line":121,"column":0},"end":{"line":121,"column":20}},"121":{"start":{"line":122,"column":0},"end":{"line":122,"column":25}},"122":{"start":{"line":123,"column":0},"end":{"line":123,"column":12}},"123":{"start":{"line":124,"column":0},"end":{"line":124,"column":18}},"124":{"start":{"line":125,"column":0},"end":{"line":125,"column":3}},"125":{"start":{"line":126,"column":0},"end":{"line":126,"column":1}}},"s":{"0":1,"27":1,"28":5,"29":5,"30":5,"31":5,"32":5,"33":5,"34":5,"35":5,"36":5,"37":5,"38":5,"39":5,"40":5,"41":5,"42":5,"44":5,"47":5,"48":4,"49":4,"50":3,"52":3,"53":3,"54":3,"55":5,"56":5,"57":3,"58":3,"59":0,"60":0,"61":4,"62":4,"65":5,"66":3,"67":2,"68":3,"69":3,"70":3,"71":3,"72":3,"73":3,"74":3,"75":3,"78":5,"79":2,"80":1,"81":1,"82":1,"83":2,"86":5,"87":1,"88":1,"89":1,"90":1,"92":5,"93":5,"94":5,"95":5,"96":5,"97":5,"98":5,"99":5,"100":5,"101":5,"102":5,"104":4,"105":4,"106":4,"107":2,"108":4,"109":1,"110":4,"111":0,"112":4,"113":0,"114":4,"115":0,"116":4,"117":0,"118":4,"119":0,"120":4,"121":0,"122":4,"123":1,"124":4,"125":4},"branchMap":{"0":{"type":"branch","line":28,"loc":{"start":{"line":28,"column":7},"end":{"line":103,"column":1}},"locations":[{"start":{"line":28,"column":7},"end":{"line":103,"column":1}}]},"1":{"type":"branch","line":48,"loc":{"start":{"line":48,"column":48},"end":{"line":63,"column":3}},"locations":[{"start":{"line":48,"column":48},"end":{"line":63,"column":3}}]},"2":{"type":"branch","line":50,"loc":{"start":{"line":50,"column":17},"end":{"line":59,"column":10}},"locations":[{"start":{"line":50,"column":17},"end":{"line":59,"column":10}}]},"3":{"type":"branch","line":50,"loc":{"start":{"line":50,"column":17},"end":{"line":50,"column":26}},"locations":[{"start":{"line":50,"column":17},"end":{"line":50,"column":26}}]},"4":{"type":"branch","line":59,"loc":{"start":{"line":59,"column":6},"end":{"line":60,"column":69}},"locations":[{"start":{"line":59,"column":6},"end":{"line":60,"column":69}}]},"5":{"type":"branch","line":60,"loc":{"start":{"line":60,"column":65},"end":{"line":61,"column":67}},"locations":[{"start":{"line":60,"column":65},"end":{"line":61,"column":67}}]},"6":{"type":"branch","line":62,"loc":{"start":{"line":62,"column":13},"end":{"line":62,"column":83}},"locations":[{"start":{"line":62,"column":13},"end":{"line":62,"column":83}}]},"7":{"type":"branch","line":66,"loc":{"start":{"line":66,"column":52},"end":{"line":76,"column":3}},"locations":[{"start":{"line":66,"column":52},"end":{"line":76,"column":3}}]},"8":{"type":"branch","line":67,"loc":{"start":{"line":67,"column":13},"end":{"line":67,"column":76}},"locations":[{"start":{"line":67,"column":13},"end":{"line":67,"column":76}}]},"9":{"type":"branch","line":67,"loc":{"start":{"line":67,"column":76},"end":{"line":67,"column":85}},"locations":[{"start":{"line":67,"column":76},"end":{"line":67,"column":85}}]},"10":{"type":"branch","line":67,"loc":{"start":{"line":67,"column":76},"end":{"line":68,"column":62}},"locations":[{"start":{"line":67,"column":76},"end":{"line":68,"column":62}}]},"11":{"type":"branch","line":68,"loc":{"start":{"line":68,"column":54},"end":{"line":68,"column":62}},"locations":[{"start":{"line":68,"column":54},"end":{"line":68,"column":62}}]},"12":{"type":"branch","line":71,"loc":{"start":{"line":71,"column":26},"end":{"line":71,"column":64}},"locations":[{"start":{"line":71,"column":26},"end":{"line":71,"column":64}}]},"13":{"type":"branch","line":71,"loc":{"start":{"line":71,"column":49},"end":{"line":71,"column":80}},"locations":[{"start":{"line":71,"column":49},"end":{"line":71,"column":80}}]},"14":{"type":"branch","line":71,"loc":{"start":{"line":71,"column":69},"end":{"line":71,"column":130}},"locations":[{"start":{"line":71,"column":69},"end":{"line":71,"column":130}}]},"15":{"type":"branch","line":71,"loc":{"start":{"line":71,"column":89},"end":{"line":71,"column":116}},"locations":[{"start":{"line":71,"column":89},"end":{"line":71,"column":116}}]},"16":{"type":"branch","line":73,"loc":{"start":{"line":73,"column":18},"end":{"line":73,"column":37}},"locations":[{"start":{"line":73,"column":18},"end":{"line":73,"column":37}}]},"17":{"type":"branch","line":73,"loc":{"start":{"line":73,"column":22},"end":{"line":73,"column":53}},"locations":[{"start":{"line":73,"column":22},"end":{"line":73,"column":53}}]},"18":{"type":"branch","line":79,"loc":{"start":{"line":79,"column":48},"end":{"line":84,"column":3}},"locations":[{"start":{"line":79,"column":48},"end":{"line":84,"column":3}}]},"19":{"type":"branch","line":80,"loc":{"start":{"line":80,"column":57},"end":{"line":83,"column":5}},"locations":[{"start":{"line":80,"column":57},"end":{"line":83,"column":5}}]},"20":{"type":"branch","line":87,"loc":{"start":{"line":87,"column":49},"end":{"line":91,"column":3}},"locations":[{"start":{"line":87,"column":49},"end":{"line":91,"column":3}}]},"21":{"type":"branch","line":55,"loc":{"start":{"line":55,"column":8},"end":{"line":58,"column":46}},"locations":[{"start":{"line":55,"column":8},"end":{"line":58,"column":46}}]},"22":{"type":"branch","line":56,"loc":{"start":{"line":56,"column":21},"end":{"line":56,"column":57}},"locations":[{"start":{"line":56,"column":21},"end":{"line":56,"column":57}}]},"23":{"type":"branch","line":57,"loc":{"start":{"line":57,"column":21},"end":{"line":57,"column":48}},"locations":[{"start":{"line":57,"column":21},"end":{"line":57,"column":48}}]},"24":{"type":"branch","line":57,"loc":{"start":{"line":57,"column":41},"end":{"line":58,"column":46}},"locations":[{"start":{"line":57,"column":41},"end":{"line":58,"column":46}}]},"25":{"type":"branch","line":58,"loc":{"start":{"line":58,"column":21},"end":{"line":58,"column":46}},"locations":[{"start":{"line":58,"column":21},"end":{"line":58,"column":46}}]},"26":{"type":"branch","line":93,"loc":{"start":{"line":93,"column":35},"end":{"line":93,"column":48}},"locations":[{"start":{"line":93,"column":35},"end":{"line":93,"column":48}}]},"27":{"type":"branch","line":105,"loc":{"start":{"line":105,"column":0},"end":{"line":126,"column":1}},"locations":[{"start":{"line":105,"column":0},"end":{"line":126,"column":1}}]},"28":{"type":"branch","line":107,"loc":{"start":{"line":107,"column":4},"end":{"line":108,"column":28}},"locations":[{"start":{"line":107,"column":4},"end":{"line":108,"column":28}}]},"29":{"type":"branch","line":109,"loc":{"start":{"line":109,"column":4},"end":{"line":110,"column":28}},"locations":[{"start":{"line":109,"column":4},"end":{"line":110,"column":28}}]},"30":{"type":"branch","line":111,"loc":{"start":{"line":111,"column":4},"end":{"line":112,"column":25}},"locations":[{"start":{"line":111,"column":4},"end":{"line":112,"column":25}}]},"31":{"type":"branch","line":113,"loc":{"start":{"line":113,"column":4},"end":{"line":114,"column":34}},"locations":[{"start":{"line":113,"column":4},"end":{"line":114,"column":34}}]},"32":{"type":"branch","line":115,"loc":{"start":{"line":115,"column":4},"end":{"line":116,"column":34}},"locations":[{"start":{"line":115,"column":4},"end":{"line":116,"column":34}}]},"33":{"type":"branch","line":117,"loc":{"start":{"line":117,"column":4},"end":{"line":118,"column":29}},"locations":[{"start":{"line":117,"column":4},"end":{"line":118,"column":29}}]},"34":{"type":"branch","line":119,"loc":{"start":{"line":119,"column":4},"end":{"line":120,"column":28}},"locations":[{"start":{"line":119,"column":4},"end":{"line":120,"column":28}}]},"35":{"type":"branch","line":121,"loc":{"start":{"line":121,"column":4},"end":{"line":122,"column":25}},"locations":[{"start":{"line":121,"column":4},"end":{"line":122,"column":25}}]},"36":{"type":"branch","line":123,"loc":{"start":{"line":123,"column":4},"end":{"line":124,"column":18}},"locations":[{"start":{"line":123,"column":4},"end":{"line":124,"column":18}}]}},"b":{"0":[5],"1":[4],"2":[3],"3":[1],"4":[0],"5":[0],"6":[3],"7":[3],"8":[1],"9":[1],"10":[2],"11":[0],"12":[2],"13":[1],"14":[1],"15":[0],"16":[0],"17":[2],"18":[2],"19":[1],"20":[1],"21":[5],"22":[2],"23":[3],"24":[3],"25":[2],"26":[12],"27":[4],"28":[2],"29":[1],"30":[0],"31":[0],"32":[0],"33":[0],"34":[0],"35":[0],"36":[1]},"fnMap":{"0":{"name":"composeEnding","decl":{"start":{"line":28,"column":7},"end":{"line":103,"column":1}},"loc":{"start":{"line":28,"column":7},"end":{"line":103,"column":1}},"line":28},"1":{"name":"dimensionToStateKey","decl":{"start":{"line":105,"column":0},"end":{"line":126,"column":1}},"loc":{"start":{"line":105,"column":0},"end":{"line":126,"column":1}},"line":105}},"f":{"0":5,"1":4}}
,"D:\\AISU项目\\packages\\game-core\\src\\ending-resolver.ts": {"path":"D:\\AISU项目\\packages\\game-core\\src\\ending-resolver.ts","all":false,"statementMap":{"0":{"start":{"line":1,"column":0},"end":{"line":1,"column":80}},"6":{"start":{"line":7,"column":0},"end":{"line":7,"column":85}},"7":{"start":{"line":8,"column":0},"end":{"line":8,"column":57}},"8":{"start":{"line":9,"column":0},"end":{"line":9,"column":37}},"9":{"start":{"line":10,"column":0},"end":{"line":10,"column":65}},"10":{"start":{"line":11,"column":0},"end":{"line":11,"column":71}},"11":{"start":{"line":12,"column":0},"end":{"line":12,"column":19}},"12":{"start":{"line":13,"column":0},"end":{"line":13,"column":1}},"20":{"start":{"line":21,"column":0},"end":{"line":21,"column":78}},"21":{"start":{"line":22,"column":0},"end":{"line":22,"column":44}},"22":{"start":{"line":23,"column":0},"end":{"line":23,"column":105}},"23":{"start":{"line":24,"column":0},"end":{"line":24,"column":86}},"24":{"start":{"line":25,"column":0},"end":{"line":25,"column":29}},"25":{"start":{"line":26,"column":0},"end":{"line":26,"column":69}},"26":{"start":{"line":27,"column":0},"end":{"line":27,"column":81}},"27":{"start":{"line":28,"column":0},"end":{"line":28,"column":20}},"28":{"start":{"line":29,"column":0},"end":{"line":29,"column":3}},"29":{"start":{"line":30,"column":0},"end":{"line":30,"column":50}},"30":{"start":{"line":31,"column":0},"end":{"line":31,"column":21}},"31":{"start":{"line":32,"column":0},"end":{"line":32,"column":1}},"34":{"start":{"line":35,"column":0},"end":{"line":35,"column":113}},"35":{"start":{"line":36,"column":0},"end":{"line":36,"column":61}},"36":{"start":{"line":37,"column":0},"end":{"line":37,"column":57}},"37":{"start":{"line":38,"column":0},"end":{"line":38,"column":41}},"38":{"start":{"line":39,"column":0},"end":{"line":39,"column":32}},"39":{"start":{"line":40,"column":0},"end":{"line":40,"column":74}},"40":{"start":{"line":41,"column":0},"end":{"line":41,"column":40}},"41":{"start":{"line":42,"column":0},"end":{"line":42,"column":46}},"42":{"start":{"line":43,"column":0},"end":{"line":43,"column":56}},"43":{"start":{"line":44,"column":0},"end":{"line":44,"column":85}},"44":{"start":{"line":45,"column":0},"end":{"line":45,"column":6}},"45":{"start":{"line":46,"column":0},"end":{"line":46,"column":21}},"46":{"start":{"line":47,"column":0},"end":{"line":47,"column":60}},"47":{"start":{"line":48,"column":0},"end":{"line":48,"column":90}},"48":{"start":{"line":49,"column":0},"end":{"line":49,"column":8}},"49":{"start":{"line":50,"column":0},"end":{"line":50,"column":33}},"50":{"start":{"line":51,"column":0},"end":{"line":51,"column":69}},"51":{"start":{"line":52,"column":0},"end":{"line":52,"column":68}},"52":{"start":{"line":53,"column":0},"end":{"line":53,"column":65}},"53":{"start":{"line":54,"column":0},"end":{"line":54,"column":75}},"54":{"start":{"line":55,"column":0},"end":{"line":55,"column":95}},"55":{"start":{"line":56,"column":0},"end":{"line":56,"column":11}},"56":{"start":{"line":57,"column":0},"end":{"line":57,"column":73}},"57":{"start":{"line":58,"column":0},"end":{"line":58,"column":7}},"58":{"start":{"line":59,"column":0},"end":{"line":59,"column":5}},"59":{"start":{"line":60,"column":0},"end":{"line":60,"column":3}},"60":{"start":{"line":61,"column":0},"end":{"line":61,"column":26}},"61":{"start":{"line":62,"column":0},"end":{"line":62,"column":1}}},"s":{"0":1,"6":1,"7":11,"8":11,"9":10,"10":7,"11":1,"12":1,"20":1,"21":4,"22":4,"23":4,"24":4,"25":0,"26":0,"27":0,"28":0,"29":4,"30":4,"31":4,"34":1,"35":8,"36":7,"37":8,"38":4,"39":8,"40":3,"41":3,"42":3,"43":3,"44":3,"45":3,"46":3,"47":3,"48":3,"49":3,"50":2,"51":2,"52":2,"53":3,"54":3,"55":2,"56":2,"57":2,"58":3,"59":3,"60":2,"61":2},"branchMap":{"0":{"type":"branch","line":7,"loc":{"start":{"line":7,"column":7},"end":{"line":13,"column":1}},"locations":[{"start":{"line":7,"column":7},"end":{"line":13,"column":1}}]},"1":{"type":"branch","line":9,"loc":{"start":{"line":9,"column":16},"end":{"line":9,"column":37}},"locations":[{"start":{"line":9,"column":16},"end":{"line":9,"column":37}}]},"2":{"type":"branch","line":9,"loc":{"start":{"line":9,"column":32},"end":{"line":10,"column":65}},"locations":[{"start":{"line":9,"column":32},"end":{"line":10,"column":65}}]},"3":{"type":"branch","line":9,"loc":{"start":{"line":9,"column":32},"end":{"line":10,"column":54}},"locations":[{"start":{"line":9,"column":32},"end":{"line":10,"column":54}}]},"4":{"type":"branch","line":10,"loc":{"start":{"line":10,"column":47},"end":{"line":10,"column":65}},"locations":[{"start":{"line":10,"column":47},"end":{"line":10,"column":65}}]},"5":{"type":"branch","line":10,"loc":{"start":{"line":10,"column":54},"end":{"line":13,"column":1}},"locations":[{"start":{"line":10,"column":54},"end":{"line":13,"column":1}}]},"6":{"type":"branch","line":10,"loc":{"start":{"line":10,"column":54},"end":{"line":11,"column":57}},"locations":[{"start":{"line":10,"column":54},"end":{"line":11,"column":57}}]},"7":{"type":"branch","line":11,"loc":{"start":{"line":11,"column":50},"end":{"line":13,"column":1}},"locations":[{"start":{"line":11,"column":50},"end":{"line":13,"column":1}}]},"8":{"type":"branch","line":21,"loc":{"start":{"line":21,"column":7},"end":{"line":32,"column":1}},"locations":[{"start":{"line":21,"column":7},"end":{"line":32,"column":1}}]},"9":{"type":"branch","line":25,"loc":{"start":{"line":25,"column":28},"end":{"line":29,"column":3}},"locations":[{"start":{"line":25,"column":28},"end":{"line":29,"column":3}}]},"10":{"type":"branch","line":23,"loc":{"start":{"line":23,"column":50},"end":{"line":23,"column":103}},"locations":[{"start":{"line":23,"column":50},"end":{"line":23,"column":103}}]},"11":{"type":"branch","line":23,"loc":{"start":{"line":23,"column":72},"end":{"line":23,"column":103}},"locations":[{"start":{"line":23,"column":72},"end":{"line":23,"column":103}}]},"12":{"type":"branch","line":24,"loc":{"start":{"line":24,"column":30},"end":{"line":24,"column":84}},"locations":[{"start":{"line":24,"column":30},"end":{"line":24,"column":84}}]},"13":{"type":"branch","line":30,"loc":{"start":{"line":30,"column":15},"end":{"line":30,"column":48}},"locations":[{"start":{"line":30,"column":15},"end":{"line":30,"column":48}}]},"14":{"type":"branch","line":35,"loc":{"start":{"line":35,"column":7},"end":{"line":62,"column":1}},"locations":[{"start":{"line":35,"column":7},"end":{"line":62,"column":1}}]},"15":{"type":"branch","line":36,"loc":{"start":{"line":36,"column":19},"end":{"line":36,"column":61}},"locations":[{"start":{"line":36,"column":19},"end":{"line":36,"column":61}}]},"16":{"type":"branch","line":36,"loc":{"start":{"line":36,"column":59},"end":{"line":38,"column":24}},"locations":[{"start":{"line":36,"column":59},"end":{"line":38,"column":24}}]},"17":{"type":"branch","line":38,"loc":{"start":{"line":38,"column":17},"end":{"line":40,"column":39}},"locations":[{"start":{"line":38,"column":17},"end":{"line":40,"column":39}}]},"18":{"type":"branch","line":38,"loc":{"start":{"line":38,"column":17},"end":{"line":38,"column":41}},"locations":[{"start":{"line":38,"column":17},"end":{"line":38,"column":41}}]},"19":{"type":"branch","line":38,"loc":{"start":{"line":38,"column":39},"end":{"line":40,"column":39}},"locations":[{"start":{"line":38,"column":39},"end":{"line":40,"column":39}}]},"20":{"type":"branch","line":40,"loc":{"start":{"line":40,"column":32},"end":{"line":62,"column":1}},"locations":[{"start":{"line":40,"column":32},"end":{"line":62,"column":1}}]},"21":{"type":"branch","line":40,"loc":{"start":{"line":40,"column":32},"end":{"line":40,"column":74}},"locations":[{"start":{"line":40,"column":32},"end":{"line":40,"column":74}}]},"22":{"type":"branch","line":40,"loc":{"start":{"line":40,"column":72},"end":{"line":60,"column":3}},"locations":[{"start":{"line":40,"column":72},"end":{"line":60,"column":3}}]},"23":{"type":"branch","line":50,"loc":{"start":{"line":50,"column":32},"end":{"line":58,"column":7}},"locations":[{"start":{"line":50,"column":32},"end":{"line":58,"column":7}}]},"24":{"type":"branch","line":57,"loc":{"start":{"line":57,"column":21},"end":{"line":57,"column":73}},"locations":[{"start":{"line":57,"column":21},"end":{"line":57,"column":73}}]},"25":{"type":"branch","line":60,"loc":{"start":{"line":60,"column":2},"end":{"line":62,"column":1}},"locations":[{"start":{"line":60,"column":2},"end":{"line":62,"column":1}}]},"26":{"type":"branch","line":44,"loc":{"start":{"line":44,"column":6},"end":{"line":44,"column":85}},"locations":[{"start":{"line":44,"column":6},"end":{"line":44,"column":85}}]},"27":{"type":"branch","line":48,"loc":{"start":{"line":48,"column":8},"end":{"line":48,"column":90}},"locations":[{"start":{"line":48,"column":8},"end":{"line":48,"column":90}}]},"28":{"type":"branch","line":51,"loc":{"start":{"line":51,"column":52},"end":{"line":51,"column":66}},"locations":[{"start":{"line":51,"column":52},"end":{"line":51,"column":66}}]},"29":{"type":"branch","line":53,"loc":{"start":{"line":53,"column":57},"end":{"line":56,"column":9}},"locations":[{"start":{"line":53,"column":57},"end":{"line":56,"column":9}}]},"30":{"type":"branch","line":55,"loc":{"start":{"line":55,"column":52},"end":{"line":55,"column":95}},"locations":[{"start":{"line":55,"column":52},"end":{"line":55,"column":95}}]},"31":{"type":"branch","line":55,"loc":{"start":{"line":55,"column":78},"end":{"line":55,"column":93}},"locations":[{"start":{"line":55,"column":78},"end":{"line":55,"column":93}}]}},"b":{"0":[11],"1":[4],"2":[10],"3":[7],"4":[5],"5":[7],"6":[2],"7":[1],"8":[4],"9":[0],"10":[5],"11":[0],"12":[5],"13":[1],"14":[8],"15":[1],"16":[7],"17":[6],"18":[3],"19":[4],"20":[5],"21":[1],"22":[3],"23":[2],"24":[1],"25":[2],"26":[4],"27":[4],"28":[3],"29":[3],"30":[1],"31":[0]},"fnMap":{"0":{"name":"campaignTypeOf","decl":{"start":{"line":7,"column":7},"end":{"line":13,"column":1}},"loc":{"start":{"line":7,"column":7},"end":{"line":13,"column":1}},"line":7},"1":{"name":"resolveEnding","decl":{"start":{"line":21,"column":7},"end":{"line":32,"column":1}},"loc":{"start":{"line":21,"column":7},"end":{"line":32,"column":1}},"line":21},"2":{"name":"shouldResolveEnding","decl":{"start":{"line":35,"column":7},"end":{"line":62,"column":1}},"loc":{"start":{"line":35,"column":7},"end":{"line":62,"column":1}},"line":35}},"f":{"0":11,"1":4,"2":8}}
,"D:\\AISU项目\\packages\\game-core\\src\\fate-review.ts": {"path":"D:\\AISU项目\\packages\\game-core\\src\\fate-review.ts","all":false,"statementMap":{"12":{"start":{"line":13,"column":0},"end":{"line":13,"column":84}},"13":{"start":{"line":14,"column":0},"end":{"line":14,"column":56}},"14":{"start":{"line":15,"column":0},"end":{"line":15,"column":43}},"15":{"start":{"line":16,"column":0},"end":{"line":16,"column":40}},"16":{"start":{"line":17,"column":0},"end":{"line":17,"column":5}},"17":{"start":{"line":18,"column":0},"end":{"line":18,"column":99}},"18":{"start":{"line":19,"column":0},"end":{"line":19,"column":53}},"19":{"start":{"line":20,"column":0},"end":{"line":20,"column":27}},"20":{"start":{"line":21,"column":0},"end":{"line":21,"column":43}},"21":{"start":{"line":22,"column":0},"end":{"line":22,"column":41}},"22":{"start":{"line":23,"column":0},"end":{"line":23,"column":3}},"23":{"start":{"line":24,"column":0},"end":{"line":24,"column":60}},"24":{"start":{"line":25,"column":0},"end":{"line":25,"column":43}},"25":{"start":{"line":26,"column":0},"end":{"line":26,"column":87}},"26":{"start":{"line":27,"column":0},"end":{"line":27,"column":23}},"27":{"start":{"line":28,"column":0},"end":{"line":28,"column":25}},"28":{"start":{"line":29,"column":0},"end":{"line":29,"column":12}},"29":{"start":{"line":30,"column":0},"end":{"line":30,"column":26}},"30":{"start":{"line":31,"column":0},"end":{"line":31,"column":12}},"31":{"start":{"line":32,"column":0},"end":{"line":32,"column":17}},"32":{"start":{"line":33,"column":0},"end":{"line":33,"column":83}},"33":{"start":{"line":34,"column":0},"end":{"line":34,"column":27}},"34":{"start":{"line":35,"column":0},"end":{"line":35,"column":99}},"35":{"start":{"line":36,"column":0},"end":{"line":36,"column":90}},"36":{"start":{"line":37,"column":0},"end":{"line":37,"column":6}},"37":{"start":{"line":38,"column":0},"end":{"line":38,"column":5}},"38":{"start":{"line":39,"column":0},"end":{"line":39,"column":15}},"39":{"start":{"line":40,"column":0},"end":{"line":40,"column":1}},"41":{"start":{"line":42,"column":0},"end":{"line":42,"column":43}},"42":{"start":{"line":43,"column":0},"end":{"line":43,"column":41}},"43":{"start":{"line":44,"column":0},"end":{"line":44,"column":1}}},"s":{"12":1,"13":2,"14":5,"15":5,"16":2,"17":2,"18":2,"19":2,"20":6,"21":6,"22":6,"23":2,"24":4,"25":4,"26":0,"27":4,"28":0,"29":4,"30":4,"31":4,"32":4,"33":4,"34":4,"35":4,"36":4,"37":2,"38":2,"39":2,"41":0,"42":0,"43":0},"branchMap":{"0":{"type":"branch","line":13,"loc":{"start":{"line":13,"column":7},"end":{"line":40,"column":1}},"locations":[{"start":{"line":13,"column":7},"end":{"line":40,"column":1}}]},"1":{"type":"branch","line":18,"loc":{"start":{"line":18,"column":40},"end":{"line":18,"column":59}},"locations":[{"start":{"line":18,"column":40},"end":{"line":18,"column":59}}]},"2":{"type":"branch","line":20,"loc":{"start":{"line":20,"column":26},"end":{"line":23,"column":3}},"locations":[{"start":{"line":20,"column":26},"end":{"line":23,"column":3}}]},"3":{"type":"branch","line":22,"loc":{"start":{"line":22,"column":24},"end":{"line":22,"column":41}},"locations":[{"start":{"line":22,"column":24},"end":{"line":22,"column":41}}]},"4":{"type":"branch","line":14,"loc":{"start":{"line":14,"column":48},"end":{"line":17,"column":3}},"locations":[{"start":{"line":14,"column":48},"end":{"line":17,"column":3}}]},"5":{"type":"branch","line":16,"loc":{"start":{"line":16,"column":11},"end":{"line":16,"column":30}},"locations":[{"start":{"line":16,"column":11},"end":{"line":16,"column":30}}]},"6":{"type":"branch","line":24,"loc":{"start":{"line":24,"column":52},"end":{"line":38,"column":3}},"locations":[{"start":{"line":24,"column":52},"end":{"line":38,"column":3}}]},"7":{"type":"branch","line":26,"loc":{"start":{"line":26,"column":86},"end":{"line":27,"column":23}},"locations":[{"start":{"line":26,"column":86},"end":{"line":27,"column":23}}]},"8":{"type":"branch","line":28,"loc":{"start":{"line":28,"column":8},"end":{"line":28,"column":25}},"locations":[{"start":{"line":28,"column":8},"end":{"line":28,"column":25}}]},"9":{"type":"branch","line":28,"loc":{"start":{"line":28,"column":12},"end":{"line":29,"column":12}},"locations":[{"start":{"line":28,"column":12},"end":{"line":29,"column":12}}]},"10":{"type":"branch","line":33,"loc":{"start":{"line":33,"column":18},"end":{"line":33,"column":70}},"locations":[{"start":{"line":33,"column":18},"end":{"line":33,"column":70}}]},"11":{"type":"branch","line":35,"loc":{"start":{"line":35,"column":14},"end":{"line":35,"column":99}},"locations":[{"start":{"line":35,"column":14},"end":{"line":35,"column":99}}]},"12":{"type":"branch","line":36,"loc":{"start":{"line":36,"column":23},"end":{"line":36,"column":61}},"locations":[{"start":{"line":36,"column":23},"end":{"line":36,"column":61}}]},"13":{"type":"branch","line":36,"loc":{"start":{"line":36,"column":40},"end":{"line":36,"column":61}},"locations":[{"start":{"line":36,"column":40},"end":{"line":36,"column":61}}]},"14":{"type":"branch","line":36,"loc":{"start":{"line":36,"column":44},"end":{"line":36,"column":86}},"locations":[{"start":{"line":36,"column":44},"end":{"line":36,"column":86}}]},"15":{"type":"branch","line":36,"loc":{"start":{"line":36,"column":61},"end":{"line":36,"column":86}},"locations":[{"start":{"line":36,"column":61},"end":{"line":36,"column":86}}]},"16":{"type":"branch","line":36,"loc":{"start":{"line":36,"column":74},"end":{"line":36,"column":90}},"locations":[{"start":{"line":36,"column":74},"end":{"line":36,"column":90}}]}},"b":{"0":[2],"1":[0],"2":[6],"3":[4],"4":[5],"5":[0],"6":[4],"7":[0],"8":[0],"9":[0],"10":[0],"11":[0],"12":[2],"13":[0],"14":[2],"15":[0],"16":[2]},"fnMap":{"0":{"name":"buildFateReview","decl":{"start":{"line":13,"column":7},"end":{"line":40,"column":1}},"loc":{"start":{"line":13,"column":7},"end":{"line":40,"column":1}},"line":13},"1":{"name":"stripMarkdown","decl":{"start":{"line":42,"column":0},"end":{"line":44,"column":1}},"loc":{"start":{"line":42,"column":0},"end":{"line":44,"column":1}},"line":42}},"f":{"0":2,"1":0}}
,"D:\\AISU项目\\packages\\game-core\\src\\index.ts": {"path":"D:\\AISU项目\\packages\\game-core\\src\\index.ts","all":false,"statementMap":{"0":{"start":{"line":1,"column":0},"end":{"line":1,"column":27}},"1":{"start":{"line":2,"column":0},"end":{"line":2,"column":32}},"2":{"start":{"line":3,"column":0},"end":{"line":3,"column":29}},"3":{"start":{"line":4,"column":0},"end":{"line":4,"column":30}},"4":{"start":{"line":5,"column":0},"end":{"line":5,"column":26}},"5":{"start":{"line":6,"column":0},"end":{"line":6,"column":30}},"6":{"start":{"line":7,"column":0},"end":{"line":7,"column":28}},"7":{"start":{"line":8,"column":0},"end":{"line":8,"column":28}},"8":{"start":{"line":9,"column":0},"end":{"line":9,"column":37}},"9":{"start":{"line":10,"column":0},"end":{"line":10,"column":37}},"10":{"start":{"line":11,"column":0},"end":{"line":11,"column":33}},"11":{"start":{"line":12,"column":0},"end":{"line":12,"column":33}},"12":{"start":{"line":13,"column":0},"end":{"line":13,"column":26}},"13":{"start":{"line":14,"column":0},"end":{"line":14,"column":29}}},"s":{"0":1,"1":1,"2":1,"3":1,"4":1,"5":1,"6":1,"7":1,"8":1,"9":1,"10":1,"11":1,"12":1,"13":1},"branchMap":{},"b":{},"fnMap":{},"f":{}}
,"D:\\AISU项目\\packages\\game-core\\src\\missions.ts": {"path":"D:\\AISU项目\\packages\\game-core\\src\\missions.ts","all":false,"statementMap":{"0":{"start":{"line":1,"column":0},"end":{"line":1,"column":67}},"8":{"start":{"line":9,"column":0},"end":{"line":9,"column":101}},"9":{"start":{"line":10,"column":0},"end":{"line":10,"column":76}},"10":{"start":{"line":11,"column":0},"end":{"line":11,"column":92}},"11":{"start":{"line":12,"column":0},"end":{"line":12,"column":1}},"13":{"start":{"line":14,"column":0},"end":{"line":14,"column":122}},"14":{"start":{"line":15,"column":0},"end":{"line":15,"column":48}},"15":{"start":{"line":16,"column":0},"end":{"line":16,"column":68}},"16":{"start":{"line":17,"column":0},"end":{"line":17,"column":58}},"17":{"start":{"line":18,"column":0},"end":{"line":18,"column":71}},"18":{"start":{"line":19,"column":0},"end":{"line":19,"column":81}},"20":{"start":{"line":21,"column":0},"end":{"line":21,"column":3}},"21":{"start":{"line":22,"column":0},"end":{"line":22,"column":49}},"22":{"start":{"line":23,"column":0},"end":{"line":23,"column":69}},"23":{"start":{"line":24,"column":0},"end":{"line":24,"column":3}},"24":{"start":{"line":25,"column":0},"end":{"line":25,"column":37}},"25":{"start":{"line":26,"column":0},"end":{"line":26,"column":56}},"26":{"start":{"line":27,"column":0},"end":{"line":27,"column":22}},"27":{"start":{"line":28,"column":0},"end":{"line":28,"column":1}},"34":{"start":{"line":35,"column":0},"end":{"line":35,"column":103}},"35":{"start":{"line":36,"column":0},"end":{"line":36,"column":91}},"36":{"start":{"line":37,"column":0},"end":{"line":37,"column":98}},"37":{"start":{"line":38,"column":0},"end":{"line":38,"column":53}},"38":{"start":{"line":39,"column":0},"end":{"line":39,"column":1}},"41":{"start":{"line":42,"column":0},"end":{"line":42,"column":32}},"42":{"start":{"line":43,"column":0},"end":{"line":43,"column":19}},"43":{"start":{"line":44,"column":0},"end":{"line":44,"column":19}},"44":{"start":{"line":45,"column":0},"end":{"line":45,"column":22}},"45":{"start":{"line":46,"column":0},"end":{"line":46,"column":28}},"46":{"start":{"line":47,"column":0},"end":{"line":47,"column":99}},"47":{"start":{"line":48,"column":0},"end":{"line":48,"column":102}},"48":{"start":{"line":49,"column":0},"end":{"line":49,"column":35}},"49":{"start":{"line":50,"column":0},"end":{"line":50,"column":66}},"50":{"start":{"line":51,"column":0},"end":{"line":51,"column":33}},"51":{"start":{"line":52,"column":0},"end":{"line":52,"column":5}},"52":{"start":{"line":53,"column":0},"end":{"line":53,"column":3}},"53":{"start":{"line":54,"column":0},"end":{"line":54,"column":62}},"54":{"start":{"line":55,"column":0},"end":{"line":55,"column":24}},"55":{"start":{"line":56,"column":0},"end":{"line":56,"column":1}},"57":{"start":{"line":58,"column":0},"end":{"line":58,"column":75}},"58":{"start":{"line":59,"column":0},"end":{"line":59,"column":93}},"59":{"start":{"line":60,"column":0},"end":{"line":60,"column":75}},"60":{"start":{"line":61,"column":0},"end":{"line":61,"column":1}},"62":{"start":{"line":63,"column":0},"end":{"line":63,"column":71}},"63":{"start":{"line":64,"column":0},"end":{"line":64,"column":57}},"64":{"start":{"line":65,"column":0},"end":{"line":65,"column":75}},"65":{"start":{"line":66,"column":0},"end":{"line":66,"column":1}},"67":{"start":{"line":68,"column":0},"end":{"line":68,"column":74}},"68":{"start":{"line":69,"column":0},"end":{"line":69,"column":38}},"69":{"start":{"line":70,"column":0},"end":{"line":70,"column":58}},"70":{"start":{"line":71,"column":0},"end":{"line":71,"column":75}},"71":{"start":{"line":72,"column":0},"end":{"line":72,"column":14}},"72":{"start":{"line":73,"column":0},"end":{"line":73,"column":1}}},"s":{"0":1,"8":1,"9":5,"10":4,"11":4,"13":1,"14":6,"15":6,"16":6,"17":6,"18":6,"20":0,"21":6,"22":1,"23":1,"24":1,"25":1,"26":1,"27":1,"34":1,"35":2,"36":2,"37":2,"38":2,"41":1,"42":3,"43":3,"44":3,"45":3,"46":3,"47":3,"48":3,"49":2,"50":1,"51":1,"52":2,"53":3,"54":1,"55":1,"57":1,"58":1,"59":1,"60":1,"62":1,"63":1,"64":1,"65":1,"67":1,"68":2,"69":1,"70":1,"71":1,"72":1},"branchMap":{"0":{"type":"branch","line":9,"loc":{"start":{"line":9,"column":7},"end":{"line":12,"column":1}},"locations":[{"start":{"line":9,"column":7},"end":{"line":12,"column":1}}]},"1":{"type":"branch","line":10,"loc":{"start":{"line":10,"column":36},"end":{"line":10,"column":50}},"locations":[{"start":{"line":10,"column":36},"end":{"line":10,"column":50}}]},"2":{"type":"branch","line":10,"loc":{"start":{"line":10,"column":63},"end":{"line":10,"column":76}},"locations":[{"start":{"line":10,"column":63},"end":{"line":10,"column":76}}]},"3":{"type":"branch","line":10,"loc":{"start":{"line":10,"column":70},"end":{"line":12,"column":1}},"locations":[{"start":{"line":10,"column":70},"end":{"line":12,"column":1}}]},"4":{"type":"branch","line":11,"loc":{"start":{"line":11,"column":37},"end":{"line":11,"column":90}},"locations":[{"start":{"line":11,"column":37},"end":{"line":11,"column":90}}]},"5":{"type":"branch","line":11,"loc":{"start":{"line":11,"column":65},"end":{"line":11,"column":79}},"locations":[{"start":{"line":11,"column":65},"end":{"line":11,"column":79}}]},"6":{"type":"branch","line":14,"loc":{"start":{"line":14,"column":7},"end":{"line":28,"column":1}},"locations":[{"start":{"line":14,"column":7},"end":{"line":28,"column":1}}]},"7":{"type":"branch","line":16,"loc":{"start":{"line":16,"column":16},"end":{"line":16,"column":68}},"locations":[{"start":{"line":16,"column":16},"end":{"line":16,"column":68}}]},"8":{"type":"branch","line":16,"loc":{"start":{"line":16,"column":66},"end":{"line":17,"column":26}},"locations":[{"start":{"line":16,"column":66},"end":{"line":17,"column":26}}]},"9":{"type":"branch","line":17,"loc":{"start":{"line":17,"column":19},"end":{"line":17,"column":58}},"locations":[{"start":{"line":17,"column":19},"end":{"line":17,"column":58}}]},"10":{"type":"branch","line":17,"loc":{"start":{"line":17,"column":56},"end":{"line":18,"column":37}},"locations":[{"start":{"line":17,"column":56},"end":{"line":18,"column":37}}]},"11":{"type":"branch","line":18,"loc":{"start":{"line":18,"column":30},"end":{"line":19,"column":38}},"locations":[{"start":{"line":18,"column":30},"end":{"line":19,"column":38}}]},"12":{"type":"branch","line":19,"loc":{"start":{"line":19,"column":35},"end":{"line":19,"column":49}},"locations":[{"start":{"line":19,"column":35},"end":{"line":19,"column":49}}]},"13":{"type":"branch","line":19,"loc":{"start":{"line":19,"column":49},"end":{"line":19,"column":80}},"locations":[{"start":{"line":19,"column":49},"end":{"line":19,"column":80}}]},"14":{"type":"branch","line":19,"loc":{"start":{"line":19,"column":80},"end":{"line":21,"column":3}},"locations":[{"start":{"line":19,"column":80},"end":{"line":21,"column":3}}]},"15":{"type":"branch","line":21,"loc":{"start":{"line":21,"column":2},"end":{"line":22,"column":48}},"locations":[{"start":{"line":21,"column":2},"end":{"line":22,"column":48}}]},"16":{"type":"branch","line":22,"loc":{"start":{"line":22,"column":48},"end":{"line":28,"column":1}},"locations":[{"start":{"line":22,"column":48},"end":{"line":28,"column":1}}]},"17":{"type":"branch","line":23,"loc":{"start":{"line":23,"column":40},"end":{"line":23,"column":67}},"locations":[{"start":{"line":23,"column":40},"end":{"line":23,"column":67}}]},"18":{"type":"branch","line":35,"loc":{"start":{"line":35,"column":7},"end":{"line":39,"column":1}},"locations":[{"start":{"line":35,"column":7},"end":{"line":39,"column":1}}]},"19":{"type":"branch","line":38,"loc":{"start":{"line":38,"column":23},"end":{"line":38,"column":44}},"locations":[{"start":{"line":38,"column":23},"end":{"line":38,"column":44}}]},"20":{"type":"branch","line":36,"loc":{"start":{"line":36,"column":48},"end":{"line":36,"column":89}},"locations":[{"start":{"line":36,"column":48},"end":{"line":36,"column":89}}]},"21":{"type":"branch","line":37,"loc":{"start":{"line":37,"column":55},"end":{"line":37,"column":96}},"locations":[{"start":{"line":37,"column":55},"end":{"line":37,"column":96}}]},"22":{"type":"branch","line":42,"loc":{"start":{"line":42,"column":7},"end":{"line":56,"column":1}},"locations":[{"start":{"line":42,"column":7},"end":{"line":56,"column":1}}]},"23":{"type":"branch","line":49,"loc":{"start":{"line":49,"column":34},"end":{"line":54,"column":34}},"locations":[{"start":{"line":49,"column":34},"end":{"line":54,"column":34}}]},"24":{"type":"branch","line":50,"loc":{"start":{"line":50,"column":65},"end":{"line":52,"column":5}},"locations":[{"start":{"line":50,"column":65},"end":{"line":52,"column":5}}]},"25":{"type":"branch","line":54,"loc":{"start":{"line":54,"column":27},"end":{"line":56,"column":1}},"locations":[{"start":{"line":54,"column":27},"end":{"line":56,"column":1}}]},"26":{"type":"branch","line":47,"loc":{"start":{"line":47,"column":51},"end":{"line":47,"column":97}},"locations":[{"start":{"line":47,"column":51},"end":{"line":47,"column":97}}]},"27":{"type":"branch","line":47,"loc":{"start":{"line":47,"column":69},"end":{"line":47,"column":97}},"locations":[{"start":{"line":47,"column":69},"end":{"line":47,"column":97}}]},"28":{"type":"branch","line":48,"loc":{"start":{"line":48,"column":54},"end":{"line":48,"column":100}},"locations":[{"start":{"line":48,"column":54},"end":{"line":48,"column":100}}]},"29":{"type":"branch","line":48,"loc":{"start":{"line":48,"column":72},"end":{"line":48,"column":100}},"locations":[{"start":{"line":48,"column":72},"end":{"line":48,"column":100}}]},"30":{"type":"branch","line":58,"loc":{"start":{"line":58,"column":7},"end":{"line":61,"column":1}},"locations":[{"start":{"line":58,"column":7},"end":{"line":61,"column":1}}]},"31":{"type":"branch","line":63,"loc":{"start":{"line":63,"column":7},"end":{"line":66,"column":1}},"locations":[{"start":{"line":63,"column":7},"end":{"line":66,"column":1}}]},"32":{"type":"branch","line":68,"loc":{"start":{"line":68,"column":7},"end":{"line":73,"column":1}},"locations":[{"start":{"line":68,"column":7},"end":{"line":73,"column":1}}]},"33":{"type":"branch","line":69,"loc":{"start":{"line":69,"column":25},"end":{"line":73,"column":1}},"locations":[{"start":{"line":69,"column":25},"end":{"line":73,"column":1}}]}},"b":{"0":[5],"1":[1],"2":[1],"3":[4],"4":[3],"5":[1],"6":[6],"7":[1],"8":[5],"9":[1],"10":[4],"11":[2],"12":[0],"13":[0],"14":[0],"15":[2],"16":[1],"17":[0],"18":[2],"19":[1],"20":[2],"21":[2],"22":[3],"23":[2],"24":[1],"25":[1],"26":[4],"27":[2],"28":[4],"29":[2],"30":[1],"31":[1],"32":[2],"33":[1]},"fnMap":{"0":{"name":"missionAvailable","decl":{"start":{"line":9,"column":7},"end":{"line":12,"column":1}},"loc":{"start":{"line":9,"column":7},"end":{"line":12,"column":1}},"line":9},"1":{"name":"startMission","decl":{"start":{"line":14,"column":7},"end":{"line":28,"column":1}},"loc":{"start":{"line":14,"column":7},"end":{"line":28,"column":1}},"line":14},"2":{"name":"evaluateMission","decl":{"start":{"line":35,"column":7},"end":{"line":39,"column":1}},"loc":{"start":{"line":35,"column":7},"end":{"line":39,"column":1}},"line":35},"3":{"name":"pickNextMission","decl":{"start":{"line":42,"column":7},"end":{"line":56,"column":1}},"loc":{"start":{"line":42,"column":7},"end":{"line":56,"column":1}},"line":42},"4":{"name":"completeMission","decl":{"start":{"line":58,"column":7},"end":{"line":61,"column":1}},"loc":{"start":{"line":58,"column":7},"end":{"line":61,"column":1}},"line":58},"5":{"name":"failMission","decl":{"start":{"line":63,"column":7},"end":{"line":66,"column":1}},"loc":{"start":{"line":63,"column":7},"end":{"line":66,"column":1}},"line":63},"6":{"name":"skipMission","decl":{"start":{"line":68,"column":7},"end":{"line":73,"column":1}},"loc":{"start":{"line":68,"column":7},"end":{"line":73,"column":1}},"line":68}},"f":{"0":5,"1":6,"2":2,"3":3,"4":1,"5":1,"6":2}}
[...]
,"D:\\AISU项目\\packages\\game-core\\src\\time.ts": {"path":"D:\\AISU项目\\packages\\game-core\\src\\time.ts","all":false,"statementMap":{"0":{"start":{"line":1,"column":0},"end":{"line":1,"column":58}},"8":{"start":{"line":9,"column":0},"end":{"line":9,"column":36}},"9":{"start":{"line":10,"column":0},"end":{"line":10,"column":37}},"10":{"start":{"line":11,"column":0},"end":{"line":11,"column":41}},"12":{"start":{"line":13,"column":0},"end":{"line":13,"column":119}},"13":{"start":{"line":14,"column":0},"end":{"line":14,"column":10}},"14":{"start":{"line":15,"column":0},"end":{"line":15,"column":61}},"15":{"start":{"line":16,"column":0},"end":{"line":16,"column":47}},"16":{"start":{"line":17,"column":0},"end":{"line":17,"column":46}},"18":{"start":{"line":19,"column":0},"end":{"line":19,"column":1}},"20":{"start":{"line":21,"column":0},"end":{"line":21,"column":117}},"21":{"start":{"line":22,"column":0},"end":{"line":22,"column":26}},"22":{"start":{"line":23,"column":0},"end":{"line":23,"column":93}},"23":{"start":{"line":24,"column":0},"end":{"line":24,"column":104}},"24":{"start":{"line":25,"column":0},"end":{"line":25,"column":3}},"25":{"start":{"line":26,"column":0},"end":{"line":26,"column":73}},"26":{"start":{"line":27,"column":0},"end":{"line":27,"column":92}},"27":{"start":{"line":28,"column":0},"end":{"line":28,"column":1}},"30":{"start":{"line":31,"column":0},"end":{"line":31,"column":110}},"31":{"start":{"line":32,"column":0},"end":{"line":32,"column":32}},"33":{"start":{"line":34,"column":0},"end":{"line":34,"column":32}},"34":{"start":{"line":35,"column":0},"end":{"line":35,"column":45}},"35":{"start":{"line":36,"column":0},"end":{"line":36,"column":96}},"36":{"start":{"line":37,"column":0},"end":{"line":37,"column":27}},"37":{"start":{"line":38,"column":0},"end":{"line":38,"column":110}},"39":{"start":{"line":40,"column":0},"end":{"line":40,"column":30}},"40":{"start":{"line":41,"column":0},"end":{"line":41,"column":38}},"41":{"start":{"line":42,"column":0},"end":{"line":42,"column":72}},"42":{"start":{"line":43,"column":0},"end":{"line":43,"column":62}},"43":{"start":{"line":44,"column":0},"end":{"line":44,"column":60}},"44":{"start":{"line":45,"column":0},"end":{"line":45,"column":38}},"46":{"start":{"line":47,"column":0},"end":{"line":47,"column":85}},"47":{"start":{"line":48,"column":0},"end":{"line":48,"column":64}},"48":{"start":{"line":49,"column":0},"end":{"line":49,"column":1}}},"s":{"0":1,"8":1,"9":1,"10":1,"12":1,"13":1,"14":1,"15":0,"16":0,"18":1,"20":1,"21":1,"22":0,"23":0,"24":0,"25":1,"26":1,"27":1,"30":1,"31":4,"33":4,"34":4,"35":4,"36":4,"37":4,"39":4,"40":4,"41":4,"42":4,"43":4,"44":4,"46":4,"47":4,"48":4},"branchMap":{"0":{"type":"branch","line":13,"loc":{"start":{"line":13,"column":7},"end":{"line":19,"column":1}},"locations":[{"start":{"line":13,"column":7},"end":{"line":19,"column":1}}]},"1":{"type":"branch","line":15,"loc":{"start":{"line":15,"column":40},"end":{"line":15,"column":61}},"locations":[{"start":{"line":15,"column":40},"end":{"line":15,"column":61}}]},"2":{"type":"branch","line":15,"loc":{"start":{"line":15,"column":56},"end":{"line":16,"column":47}},"locations":[{"start":{"line":15,"column":56},"end":{"line":16,"column":47}}]},"3":{"type":"branch","line":16,"loc":{"start":{"line":16,"column":42},"end":{"line":17,"column":46}},"locations":[{"start":{"line":16,"column":42},"end":{"line":17,"column":46}}]},"4":{"type":"branch","line":21,"loc":{"start":{"line":21,"column":7},"end":{"line":28,"column":1}},"locations":[{"start":{"line":21,"column":7},"end":{"line":28,"column":1}}]},"5":{"type":"branch","line":22,"loc":{"start":{"line":22,"column":25},"end":{"line":25,"column":3}},"locations":[{"start":{"line":22,"column":25},"end":{"line":25,"column":3}}]},"6":{"type":"branch","line":26,"loc":{"start":{"line":26,"column":18},"end":{"line":26,"column":73}},"locations":[{"start":{"line":26,"column":18},"end":{"line":26,"column":73}}]},"7":{"type":"branch","line":27,"loc":{"start":{"line":27,"column":19},"end":{"line":27,"column":92}},"locations":[{"start":{"line":27,"column":19},"end":{"line":27,"column":92}}]},"8":{"type":"branch","line":31,"loc":{"start":{"line":31,"column":7},"end":{"line":49,"column":1}},"locations":[{"start":{"line":31,"column":7},"end":{"line":49,"column":1}}]},"9":{"type":"branch","line":43,"loc":{"start":{"line":43,"column":38},"end":{"line":43,"column":62}},"locations":[{"start":{"line":43,"column":38},"end":{"line":43,"column":62}}]},"10":{"type":"branch","line":44,"loc":{"start":{"line":44,"column":19},"end":{"line":44,"column":60}},"locations":[{"start":{"line":44,"column":19},"end":{"line":44,"column":60}}]},"11":{"type":"branch","line":47,"loc":{"start":{"line":47,"column":51},"end":{"line":47,"column":59}},"locations":[{"start":{"line":47,"column":51},"end":{"line":47,"column":59}}]},"12":{"type":"branch","line":47,"loc":{"start":{"line":47,"column":77},"end":{"line":47,"column":83}},"locations":[{"start":{"line":47,"column":77},"end":{"line":47,"column":83}}]},"13":{"type":"branch","line":35,"loc":{"start":{"line":35,"column":12},"end":{"line":35,"column":44}},"locations":[{"start":{"line":35,"column":12},"end":{"line":35,"column":44}}]},"14":{"type":"branch","line":36,"loc":{"start":{"line":36,"column":12},"end":{"line":36,"column":95}},"locations":[{"start":{"line":36,"column":12},"end":{"line":36,"column":95}}]},"15":{"type":"branch","line":36,"loc":{"start":{"line":36,"column":22},"end":{"line":36,"column":90}},"locations":[{"start":{"line":36,"column":22},"end":{"line":36,"column":90}}]},"16":{"type":"branch","line":36,"loc":{"start":{"line":36,"column":86},"end":{"line":36,"column":95}},"locations":[{"start":{"line":36,"column":86},"end":{"line":36,"column":95}}]},"17":{"type":"branch","line":37,"loc":{"start":{"line":37,"column":9},"end":{"line":37,"column":25}},"locations":[{"start":{"line":37,"column":9},"end":{"line":37,"column":25}}]},"18":{"type":"branch","line":38,"loc":{"start":{"line":38,"column":49},"end":{"line":38,"column":108}},"locations":[{"start":{"line":38,"column":49},"end":{"line":38,"column":108}}]},"19":{"type":"branch","line":38,"loc":{"start":{"line":38,"column":79},"end":{"line":38,"column":108}},"locations":[{"start":{"line":38,"column":79},"end":{"line":38,"column":108}}]}},"b":{"0":[1],"1":[0],"2":[0],"3":[0],"4":[1],"5":[0],"6":[0],"7":[0],"8":[4],"9":[0],"10":[0],"11":[0],"12":[0],"13":[3],"14":[2],"15":[1],"16":[1],"17":[1],"18":[3],"19":[1]},"fnMap":{"0":{"name":"canSpend","decl":{"start":{"line":13,"column":7},"end":{"line":19,"column":1}},"loc":{"start":{"line":13,"column":7},"end":{"line":19,"column":1}},"line":13},"1":{"name":"spendCost","decl":{"start":{"line":21,"column":7},"end":{"line":28,"column":1}},"loc":{"start":{"line":21,"column":7},"end":{"line":28,"column":1}},"line":21},"2":{"name":"nextDay","decl":{"start":{"line":31,"column":7},"end":{"line":49,"column":1}},"loc":{"start":{"line":31,"column":7},"end":{"line":49,"column":1}},"line":31}},"f":{"0":1,"1":1,"2":4}}
,"D:\\AISU项目\\packages\\game-core\\src\\triggers.ts": {"path":"D:\\AISU项目\\packages\\game-core\\src\\triggers.ts","all":false,"statementMap":{"0":{"start":{"line":1,"column":0},"end":{"line":1,"column":58}},"11":{"start":{"line":12,"column":0},"end":{"line":12,"column":119}},"12":{"start":{"line":13,"column":0},"end":{"line":13,"column":32}},"13":{"start":{"line":14,"column":0},"end":{"line":14,"column":53}},"15":{"start":{"line":16,"column":0},"end":{"line":16,"column":57}},"16":{"start":{"line":17,"column":0},"end":{"line":17,"column":161}},"17":{"start":{"line":18,"column":0},"end":{"line":18,"column":55}},"18":{"start":{"line":19,"column":0},"end":{"line":19,"column":46}},"19":{"start":{"line":20,"column":0},"end":{"line":20,"column":73}},"20":{"start":{"line":21,"column":0},"end":{"line":21,"column":92}},"21":{"start":{"line":22,"column":0},"end":{"line":22,"column":28}},"22":{"start":{"line":23,"column":0},"end":{"line":23,"column":20}},"23":{"start":{"line":24,"column":0},"end":{"line":24,"column":19}},"24":{"start":{"line":25,"column":0},"end":{"line":25,"column":21}},"25":{"start":{"line":26,"column":0},"end":{"line":26,"column":17}},"26":{"start":{"line":27,"column":0},"end":{"line":27,"column":84}},"27":{"start":{"line":28,"column":0},"end":{"line":28,"column":14}},"28":{"start":{"line":29,"column":0},"end":{"line":29,"column":21}},"29":{"start":{"line":30,"column":0},"end":{"line":30,"column":104}},"30":{"start":{"line":31,"column":0},"end":{"line":31,"column":41}},"31":{"start":{"line":32,"column":0},"end":{"line":32,"column":14}},"32":{"start":{"line":33,"column":0},"end":{"line":33,"column":7}},"33":{"start":{"line":34,"column":0},"end":{"line":34,"column":19}},"34":{"start":{"line":35,"column":0},"end":{"line":35,"column":40}},"35":{"start":{"line":36,"column":0},"end":{"line":36,"column":59}},"36":{"start":{"line":37,"column":0},"end":{"line":37,"column":14}},"37":{"start":{"line":38,"column":0},"end":{"line":38,"column":19}},"38":{"start":{"line":39,"column":0},"end":{"line":39,"column":40}},"39":{"start":{"line":40,"column":0},"end":{"line":40,"column":23}},"40":{"start":{"line":41,"column":0},"end":{"line":41,"column":56}},"41":{"start":{"line":42,"column":0},"end":{"line":42,"column":23}},"42":{"start":{"line":43,"column":0},"end":{"line":43,"column":62}},"43":{"start":{"line":44,"column":0},"end":{"line":44,"column":20}},"44":{"start":{"line":45,"column":0},"end":{"line":45,"column":14}},"45":{"start":{"line":46,"column":0},"end":{"line":46,"column":20}},"46":{"start":{"line":47,"column":0},"end":{"line":47,"column":40}},"47":{"start":{"line":48,"column":0},"end":{"line":48,"column":80}},"48":{"start":{"line":49,"column":0},"end":{"line":49,"column":19}},"49":{"start":{"line":50,"column":0},"end":{"line":50,"column":26}},"50":{"start":{"line":51,"column":0},"end":{"line":51,"column":14}},"51":{"start":{"line":52,"column":0},"end":{"line":52,"column":14}},"52":{"start":{"line":53,"column":0},"end":{"line":53,"column":57}},"53":{"start":{"line":54,"column":0},"end":{"line":54,"column":5}},"54":{"start":{"line":55,"column":0},"end":{"line":55,"column":52}},"55":{"start":{"line":56,"column":0},"end":{"line":56,"column":3}},"57":{"start":{"line":58,"column":0},"end":{"line":58,"column":91}},"58":{"start":{"line":59,"column":0},"end":{"line":59,"column":108}},"59":{"start":{"line":60,"column":0},"end":{"line":60,"column":44}},"60":{"start":{"line":61,"column":0},"end":{"line":61,"column":54}},"61":{"start":{"line":62,"column":0},"end":{"line":62,"column":1}},"63":{"start":{"line":64,"column":0},"end":{"line":64,"column":89}},"64":{"start":{"line":65,"column":0},"end":{"line":65,"column":43}},"65":{"start":{"line":66,"column":0},"end":{"line":66,"column":61}},"66":{"start":{"line":67,"column":0},"end":{"line":67,"column":28}},"67":{"start":{"line":68,"column":0},"end":{"line":68,"column":37}},"68":{"start":{"line":69,"column":0},"end":{"line":69,"column":65}},"69":{"start":{"line":70,"column":0},"end":{"line":70,"column":15}},"70":{"start":{"line":71,"column":0},"end":{"line":71,"column":1}}},"s":{"0":1,"11":1,"12":11,"13":11,"15":11,"16":11,"17":11,"18":11,"19":9,"20":9,"21":8,"22":8,"23":8,"24":8,"25":9,"26":2,"27":2,"28":9,"29":2,"30":2,"31":2,"32":2,"33":9,"34":1,"35":1,"36":1,"37":9,"38":1,"39":1,"40":0,"41":1,"42":1,"43":0,"44":1,"45":9,"46":2,"47":2,"48":1,"49":1,"50":1,"51":9,"52":0,"53":9,"54":9,"55":9,"57":11,"58":11,"59":11,"60":11,"61":11,"63":1,"64":1,"65":0,"66":0,"67":0,"68":1,"69":0,"70":0},"branchMap":{"0":{"type":"branch","line":12,"loc":{"start":{"line":12,"column":7},"end":{"line":62,"column":1}},"locations":[{"start":{"line":12,"column":7},"end":{"line":62,"column":1}}]},"1":{"type":"branch","line":17,"loc":{"start":{"line":17,"column":15},"end":{"line":17,"column":34}},"locations":[{"start":{"line":17,"column":15},"end":{"line":17,"column":34}}]},"2":{"type":"branch","line":17,"loc":{"start":{"line":17,"column":76},"end":{"line":17,"column":161}},"locations":[{"start":{"line":17,"column":76},"end":{"line":17,"column":161}}]},"3":{"type":"branch","line":19,"loc":{"start":{"line":19,"column":45},"end":{"line":56,"column":3}},"locations":[{"start":{"line":19,"column":45},"end":{"line":56,"column":3}}]},"4":{"type":"branch","line":20,"loc":{"start":{"line":20,"column":27},"end":{"line":20,"column":64}},"locations":[{"start":{"line":20,"column":27},"end":{"line":20,"column":64}}]},"5":{"type":"branch","line":20,"loc":{"start":{"line":20,"column":64},"end":{"line":20,"column":73}},"locations":[{"start":{"line":20,"column":64},"end":{"line":20,"column":73}}]},"6":{"type":"branch","line":21,"loc":{"start":{"line":21,"column":45},"end":{"line":21,"column":83}},"locations":[{"start":{"line":21,"column":45},"end":{"line":21,"column":83}}]},"7":{"type":"branch","line":21,"loc":{"start":{"line":21,"column":83},"end":{"line":21,"column":92}},"locations":[{"start":{"line":21,"column":83},"end":{"line":21,"column":92}}]},"8":{"type":"branch","line":21,"loc":{"start":{"line":21,"column":83},"end":{"line":25,"column":21}},"locations":[{"start":{"line":21,"column":83},"end":{"line":25,"column":21}}]},"9":{"type":"branch","line":26,"loc":{"start":{"line":26,"column":6},"end":{"line":28,"column":14}},"locations":[{"start":{"line":26,"column":6},"end":{"line":28,"column":14}}]},"10":{"type":"branch","line":27,"loc":{"start":{"line":27,"column":54},"end":{"line":27,"column":77}},"locations":[{"start":{"line":27,"column":54},"end":{"line":27,"column":77}}]},"11":{"type":"branch","line":27,"loc":{"start":{"line":27,"column":67},"end":{"line":27,"column":84}},"locations":[{"start":{"line":27,"column":67},"end":{"line":27,"column":84}}]},"12":{"type":"branch","line":29,"loc":{"start":{"line":29,"column":6},"end":{"line":33,"column":7}},"locations":[{"start":{"line":29,"column":6},"end":{"line":33,"column":7}}]},"13":{"type":"branch","line":30,"loc":{"start":{"line":30,"column":30},"end":{"line":30,"column":94}},"locations":[{"start":{"line":30,"column":30},"end":{"line":30,"column":94}}]},"14":{"type":"branch","line":30,"loc":{"start":{"line":30,"column":90},"end":{"line":30,"column":104}},"locations":[{"start":{"line":30,"column":90},"end":{"line":30,"column":104}}]},"15":{"type":"branch","line":31,"loc":{"start":{"line":31,"column":14},"end":{"line":31,"column":33}},"locations":[{"start":{"line":31,"column":14},"end":{"line":31,"column":33}}]},"16":{"type":"branch","line":34,"loc":{"start":{"line":34,"column":6},"end":{"line":37,"column":14}},"locations":[{"start":{"line":34,"column":6},"end":{"line":37,"column":14}}]},"17":{"type":"branch","line":35,"loc":{"start":{"line":35,"column":34},"end":{"line":35,"column":40}},"locations":[{"start":{"line":35,"column":34},"end":{"line":35,"column":40}}]},"18":{"type":"branch","line":38,"loc":{"start":{"line":38,"column":6},"end":{"line":45,"column":14}},"locations":[{"start":{"line":38,"column":6},"end":{"line":45,"column":14}}]},"19":{"type":"branch","line":39,"loc":{"start":{"line":39,"column":34},"end":{"line":39,"column":40}},"locations":[{"start":{"line":39,"column":34},"end":{"line":39,"column":40}}]},"20":{"type":"branch","line":40,"loc":{"start":{"line":40,"column":16},"end":{"line":41,"column":56}},"locations":[{"start":{"line":40,"column":16},"end":{"line":41,"column":56}}]},"21":{"type":"branch","line":43,"loc":{"start":{"line":43,"column":61},"end":{"line":44,"column":20}},"locations":[{"start":{"line":43,"column":61},"end":{"line":44,"column":20}}]},"22":{"type":"branch","line":46,"loc":{"start":{"line":46,"column":6},"end":{"line":51,"column":14}},"locations":[{"start":{"line":46,"column":6},"end":{"line":51,"column":14}}]},"23":{"type":"branch","line":47,"loc":{"start":{"line":47,"column":34},"end":{"line":47,"column":40}},"locations":[{"start":{"line":47,"column":34},"end":{"line":47,"column":40}}]},"24":{"type":"branch","line":48,"loc":{"start":{"line":48,"column":74},"end":{"line":51,"column":14}},"locations":[{"start":{"line":48,"column":74},"end":{"line":51,"column":14}}]},"25":{"type":"branch","line":52,"loc":{"start":{"line":52,"column":6},"end":{"line":53,"column":57}},"locations":[{"start":{"line":52,"column":6},"end":{"line":53,"column":57}}]},"26":{"type":"branch","line":54,"loc":{"start":{"line":54,"column":4},"end":{"line":55,"column":21}},"locations":[{"start":{"line":54,"column":4},"end":{"line":55,"column":21}}]},"27":{"type":"branch","line":55,"loc":{"start":{"line":55,"column":13},"end":{"line":55,"column":52}},"locations":[{"start":{"line":55,"column":13},"end":{"line":55,"column":52}}]},"28":{"type":"branch","line":61,"loc":{"start":{"line":61,"column":26},"end":{"line":61,"column":49}},"locations":[{"start":{"line":61,"column":26},"end":{"line":61,"column":49}}]},"29":{"type":"branch","line":61,"loc":{"start":{"line":61,"column":45},"end":{"line":61,"column":52}},"locations":[{"start":{"line":61,"column":45},"end":{"line":61,"column":52}}]},"30":{"type":"branch","line":43,"loc":{"start":{"line":43,"column":32},"end":{"line":43,"column":61}},"locations":[{"start":{"line":43,"column":32},"end":{"line":43,"column":61}}]},"31":{"type":"branch","line":58,"loc":{"start":{"line":58,"column":33},"end":{"line":58,"column":89}},"locations":[{"start":{"line":58,"column":33},"end":{"line":58,"column":89}}]},"32":{"type":"branch","line":59,"loc":{"start":{"line":59,"column":33},"end":{"line":59,"column":89}},"locations":[{"start":{"line":59,"column":33},"end":{"line":59,"column":89}}]},"33":{"type":"branch","line":59,"loc":{"start":{"line":59,"column":95},"end":{"line":59,"column":106}},"locations":[{"start":{"line":59,"column":95},"end":{"line":59,"column":106}}]},"34":{"type":"branch","line":64,"loc":{"start":{"line":64,"column":7},"end":{"line":71,"column":1}},"locations":[{"start":{"line":64,"column":7},"end":{"line":71,"column":1}}]},"35":{"type":"branch","line":65,"loc":{"start":{"line":65,"column":38},"end":{"line":69,"column":53}},"locations":[{"start":{"line":65,"column":38},"end":{"line":69,"column":53}}]},"36":{"type":"branch","line":69,"loc":{"start":{"line":69,"column":53},"end":{"line":71,"column":1}},"locations":[{"start":{"line":69,"column":53},"end":{"line":71,"column":1}}]}},"b":{"0":[11],"1":[0],"2":[0],"3":[9],"4":[0],"5":[0],"6":[1],"7":[1],"8":[8],"9":[2],"10":[1],"11":[1],"12":[2],"13":[1],"14":[1],"15":[1],"16":[1],"17":[0],"18":[1],"19":[0],"20":[0],"21":[0],"22":[2],"23":[0],"24":[1],"25":[0],"26":[8],"27":[5],"28":[1],"29":[10],"30":[1],"31":[5],"32":[5],"33":[4],"34":[1],"35":[0],"36":[0]},"fnMap":{"0":{"name":"collectTriggeredEvents","decl":{"start":{"line":12,"column":7},"end":{"line":62,"column":1}},"loc":{"start":{"line":12,"column":7},"end":{"line":62,"column":1}},"line":12},"1":{"name":"missionEntryEvent","decl":{"start":{"line":64,"column":7},"end":{"line":71,"column":1}},"loc":{"start":{"line":64,"column":7},"end":{"line":71,"column":1}},"line":64}},"f":{"0":11,"1":1}}
}
